Using pre-set license
Built from '2020.3/staging' branch; Version is '2020.3.0f1 (c7b5465681fb) revision 13088070'; Using compiler version '192528614'; Build Type 'Release'
OS: 'Windows 10 Pro; OS build 19041.867; Version 2004; 64bit' Language: 'it' Physical Memory: 16326 MB
BatchMode: 1, IsHumanControllingUs: 0, StartBugReporterOnCrash: 0, Is64bit: 1, IsPro: 0

 COMMAND LINE ARGUMENTS:
C:\Program Files\2020.3.0f1\Editor\Unity.exe
-adb2
-batchMode
-noUpm
-name
AssetImportWorker0
-projectPath
C:/Users/Morini/3D Skin Shop Tutorial
-logFile
Logs/AssetImportWorker0.log
-srvPort
57468
Successfully changed project path to: C:/Users/Morini/3D Skin Shop Tutorial
C:/Users/Morini/3D Skin Shop Tutorial
Using Asset Import Pipeline V2.
Refreshing native plugins compatible for Editor in 31.59 ms, found 0 plugins.
Preloading 0 native plugins for Editor in 0.00 ms.
Initialize engine version: 2020.3.0f1 (c7b5465681fb)
[Subsystems] Discovering subsystems at path C:/Program Files/2020.3.0f1/Editor/Data/Resources/UnitySubsystems
[Subsystems] Discovering subsystems at path C:/Users/Morini/3D Skin Shop Tutorial/Assets
GfxDevice: creating device client; threaded=0
Direct3D:
    Version:  Direct3D 11.0 [level 11.1]
    Renderer: NVIDIA GeForce GTX 1050 Ti (ID=0x1c82)
    Vendor:   
    VRAM:     4018 MB
    Driver:   27.21.14.5671
Initialize mono
Mono path[0] = 'C:/Program Files/2020.3.0f1/Editor/Data/Managed'
Mono path[1] = 'C:/Program Files/2020.3.0f1/Editor/Data/MonoBleedingEdge/lib/mono/unityjit'
Mono config path = 'C:/Program Files/2020.3.0f1/Editor/Data/MonoBleedingEdge/etc'
Using monoOptions --debugger-agent=transport=dt_socket,embedding=1,server=y,suspend=n,address=127.0.0.1:56244
Begin MonoManager ReloadAssembly
Registering precompiled unity dll's ...
Register platform support module: C:/Program Files/2020.3.0f1/Editor/Data/PlaybackEngines/WindowsStandaloneSupport/UnityEditor.WindowsStandalone.Extensions.dll
Registered in 0.075630 seconds.
Native extension for WindowsStandalone target not found
Refreshing native plugins compatible for Editor in 23.77 ms, found 0 plugins.
Preloading 0 native plugins for Editor in 0.00 ms.
Invoked RoslynAnalysisRunner static constructor.
RoslynAnalysisRunner will not be running.
RoslynAnalysisRunner has terminated.
Mono: successfully reloaded assembly
- Completed reload, in  2.982 seconds
Platform modules already initialized, skipping
Registering precompiled user dll's ...
Registered in 0.033037 seconds.
Begin MonoManager ReloadAssembly
Native extension for WindowsStandalone target not found
Refreshing native plugins compatible for Editor in 0.21 ms, found 0 plugins.
Preloading 0 native plugins for Editor in 0.00 ms.
Invoked RoslynAnalysisRunner static constructor.
RoslynAnalysisRunner will not be running.
RoslynAnalysisRunner has terminated.
Mono: successfully reloaded assembly
- Completed reload, in  1.500 seconds
Platform modules already initialized, skipping
========================================================================
Worker process is ready to serve import requests
Launched and connected shader compiler UnityShaderCompiler.exe after 0.04 seconds
Refreshing native plugins compatible for Editor in 0.21 ms, found 0 plugins.
Preloading 0 native plugins for Editor in 0.00 ms.
Unloading 1164 Unused Serialized files (Serialized files now loaded: 0)
System memory in use before: 59.9 MB.
System memory in use after: 59.9 MB.

Unloading 10 unused Assets to reduce memory usage. Loaded Objects now: 1607.
Total: 1.571000 ms (FindLiveObjects: 0.127900 ms CreateObjectMapping: 0.035200 ms MarkObjects: 1.331800 ms  DeleteObjects: 0.075400 ms)

========================================================================
Received Import Request.
  path: Assets/Scenes/01.Level.unity
  artifactKey: Guid(9fc0d4010bbf28b4594072e72b8655ab) Importer(815301076,1909f56bfc062723c751e8b465ee728b)
Start importing Assets/Scenes/01.Level.unity using Guid(9fc0d4010bbf28b4594072e72b8655ab) Importer(815301076,1909f56bfc062723c751e8b465ee728b)  -> (artifact id: '516f2bddbcf6d369c53cc973b31c005e') in 0.014365 seconds
  Import took 0.016180 seconds .

========================================================================
Received Import Request.
  Time since last request: 4.637920 seconds.
  path: Assets/Scripts/PlayerModelLoader.cs
  artifactKey: Guid(6b24dfb918fdbff4ab63fec5a7a7f5be) Importer(815301076,1909f56bfc062723c751e8b465ee728b)
Start importing Assets/Scripts/PlayerModelLoader.cs using Guid(6b24dfb918fdbff4ab63fec5a7a7f5be) Importer(815301076,1909f56bfc062723c751e8b465ee728b)  -> (artifact id: 'ed1112585d2e895b4d1ec1c50bff4dde') in 0.039928 seconds
  Import took 0.041665 seconds .

========================================================================
Received Import Request.
  Time since last request: 0.402631 seconds.
  path: Assets/Scripts/PlayerMovement.cs
  artifactKey: Guid(5493de84900da684d9ea265909ea2e1a) Importer(815301076,1909f56bfc062723c751e8b465ee728b)
Start importing Assets/Scripts/PlayerMovement.cs using Guid(5493de84900da684d9ea265909ea2e1a) Importer(815301076,1909f56bfc062723c751e8b465ee728b)  -> (artifact id: 'a5ec5102673307e127e8b5665f10e125') in 0.006698 seconds
  Import took 0.008521 seconds .

========================================================================
Received Prepare
Registering precompiled user dll's ...
Registered in 0.000615 seconds.
Begin MonoManager ReloadAssembly
Native extension for WindowsStandalone target not found
Refreshing native plugins compatible for Editor in 0.21 ms, found 0 plugins.
Preloading 0 native plugins for Editor in 0.00 ms.
Invoked RoslynAnalysisRunner static constructor.
RoslynAnalysisRunner will not be running.
RoslynAnalysisRunner has terminated.
Mono: successfully reloaded assembly
- Completed reload, in  0.727 seconds
Platform modules already initialized, skipping
Refreshing native plugins compatible for Editor in 0.21 ms, found 0 plugins.
Preloading 0 native plugins for Editor in 0.00 ms.
Unloading 1142 Unused Serialized files (Serialized files now loaded: 0)
System memory in use before: 58.7 MB.
System memory in use after: 58.8 MB.

Unloading 9 unused Assets to reduce memory usage. Loaded Objects now: 1606.
Total: 1.442500 ms (FindLiveObjects: 0.142600 ms CreateObjectMapping: 0.034500 ms MarkObjects: 1.208100 ms  DeleteObjects: 0.055800 ms)

========================================================================
Received Import Request.
  Time since last request: 17.775263 seconds.
  path: Assets/Scenes/SampleScene.unity
  artifactKey: Guid(d35fa824d58a0384599381a1a444a43a) Importer(815301076,1909f56bfc062723c751e8b465ee728b)
Start importing Assets/Scenes/SampleScene.unity using Guid(d35fa824d58a0384599381a1a444a43a) Importer(815301076,1909f56bfc062723c751e8b465ee728b)  -> (artifact id: '49c2a4780eb4bc01df6b255a41ac52c3') in 0.016653 seconds
  Import took 0.019112 seconds .

========================================================================
Received Import Request.
  Time since last request: 13.057893 seconds.
  path: Assets/TextMesh Pro
  artifactKey: Guid(f54d1bd14bd3ca042bd867b519fee8cc) Importer(815301076,1909f56bfc062723c751e8b465ee728b)
Start importing Assets/TextMesh Pro using Guid(f54d1bd14bd3ca042bd867b519fee8cc) Importer(815301076,1909f56bfc062723c751e8b465ee728b)  -> (artifact id: 'b0422b807d91bca404ec1c13ada9650f') in 0.006862 seconds
  Import took 0.008670 seconds .

========================================================================
Received Import Request.
  Time since last request: 0.000819 seconds.
  path: Assets/TextMesh Pro
  artifactKey: Guid(f54d1bd14bd3ca042bd867b519fee8cc) Importer(815301076,1909f56bfc062723c751e8b465ee728b)
Start importing Assets/TextMesh Pro using Guid(f54d1bd14bd3ca042bd867b519fee8cc) Importer(815301076,1909f56bfc062723c751e8b465ee728b)  -> (artifact id: 'b0422b807d91bca404ec1c13ada9650f') in 0.002662 seconds
  Import took 0.004393 seconds .

========================================================================
Received Prepare
Registering precompiled user dll's ...
Registered in 0.000606 seconds.
Begin MonoManager ReloadAssembly
Native extension for WindowsStandalone target not found
Refreshing native plugins compatible for Editor in 0.20 ms, found 0 plugins.
Preloading 0 native plugins for Editor in 0.00 ms.
Invoked RoslynAnalysisRunner static constructor.
RoslynAnalysisRunner will not be running.
RoslynAnalysisRunner has terminated.
Mono: successfully reloaded assembly
- Completed reload, in  0.725 seconds
Platform modules already initialized, skipping
Refreshing native plugins compatible for Editor in 0.19 ms, found 0 plugins.
Preloading 0 native plugins for Editor in 0.00 ms.
Unloading 1108 Unused Serialized files (Serialized files now loaded: 0)
System memory in use before: 58.0 MB.
System memory in use after: 58.1 MB.

Unloading 39 unused Assets to reduce memory usage. Loaded Objects now: 1575.
Total: 1.509400 ms (FindLiveObjects: 0.118700 ms CreateObjectMapping: 0.032000 ms MarkObjects: 1.301500 ms  DeleteObjects: 0.056400 ms)

========================================================================
Received Prepare
Registering precompiled user dll's ...
Registered in 0.000653 seconds.
Begin MonoManager ReloadAssembly
Native extension for WindowsStandalone target not found
Refreshing native plugins compatible for Editor in 0.21 ms, found 0 plugins.
Preloading 0 native plugins for Editor in 0.00 ms.
Invoked RoslynAnalysisRunner static constructor.
RoslynAnalysisRunner will not be running.
RoslynAnalysisRunner has terminated.
Mono: successfully reloaded assembly
- Completed reload, in  0.735 seconds
Platform modules already initialized, skipping
Refreshing native plugins compatible for Editor in 0.33 ms, found 0 plugins.
Preloading 0 native plugins for Editor in 0.00 ms.
Unloading 1142 Unused Serialized files (Serialized files now loaded: 0)
System memory in use before: 58.8 MB.
System memory in use after: 58.9 MB.

Unloading 5 unused Assets to reduce memory usage. Loaded Objects now: 1612.
Total: 1.875500 ms (FindLiveObjects: 0.185700 ms CreateObjectMapping: 0.042100 ms MarkObjects: 1.577600 ms  DeleteObjects: 0.067900 ms)

========================================================================
Received Import Request.
  Time since last request: 1081.700313 seconds.
  path: Assets/SkinPanel.prefab
  artifactKey: Guid(d7710a1b65db67443a5c7d4189418e08) Importer(815301076,1909f56bfc062723c751e8b465ee728b)
Start importing Assets/SkinPanel.prefab using Guid(d7710a1b65db67443a5c7d4189418e08) Importer(815301076,1909f56bfc062723c751e8b465ee728b)  -> (artifact id: 'f6151c0910f5b446225a7d60262a23ff') in 0.091208 seconds
  Import took 0.093601 seconds .

========================================================================
Received Import Request.
  Time since last request: 298.541098 seconds.
  path: Assets/Scenes/SampleScene.unity
  artifactKey: Guid(d35fa824d58a0384599381a1a444a43a) Importer(815301076,1909f56bfc062723c751e8b465ee728b)
Start importing Assets/Scenes/SampleScene.unity using Guid(d35fa824d58a0384599381a1a444a43a) Importer(815301076,1909f56bfc062723c751e8b465ee728b)  -> (artifact id: 'e8048b51060bc12a9bfd86f2f75f79da') in 0.009923 seconds
  Import took 0.012273 seconds .

========================================================================
Received Import Request.
  Time since last request: 17.332836 seconds.
  path: Assets/Scenes/00.SkinShop.unity
  artifactKey: Guid(d35fa824d58a0384599381a1a444a43a) Importer(815301076,1909f56bfc062723c751e8b465ee728b)
Start importing Assets/Scenes/00.SkinShop.unity using Guid(d35fa824d58a0384599381a1a444a43a) Importer(815301076,1909f56bfc062723c751e8b465ee728b)  -> (artifact id: 'cb61ae34de459787a2c8341d7fdd250e') in 0.011434 seconds
  Import took 0.013466 seconds .

========================================================================
Received Import Request.
  Time since last request: 22.350317 seconds.
  path: Assets/Scenes/01.Game.unity
  artifactKey: Guid(efdbc93af2c582f4b9c98dc41184a9d5) Importer(815301076,1909f56bfc062723c751e8b465ee728b)
Start importing Assets/Scenes/01.Game.unity using Guid(efdbc93af2c582f4b9c98dc41184a9d5) Importer(815301076,1909f56bfc062723c751e8b465ee728b)  -> (artifact id: '18cc35f7fb53a5db5d4f4c6665d16b8e') in 0.008257 seconds
  Import took 0.013513 seconds .

========================================================================
Received Prepare
Registering precompiled user dll's ...
Registered in 0.000706 seconds.
Begin MonoManager ReloadAssembly
Native extension for WindowsStandalone target not found
Refreshing native plugins compatible for Editor in 0.21 ms, found 0 plugins.
Preloading 0 native plugins for Editor in 0.00 ms.
Invoked RoslynAnalysisRunner static constructor.
RoslynAnalysisRunner will not be running.
RoslynAnalysisRunner has terminated.
Mono: successfully reloaded assembly
- Completed reload, in  0.735 seconds
Platform modules already initialized, skipping
Refreshing native plugins compatible for Editor in 0.21 ms, found 0 plugins.
Preloading 0 native plugins for Editor in 0.00 ms.
Unloading 1143 Unused Serialized files (Serialized files now loaded: 0)
System memory in use before: 58.8 MB.
System memory in use after: 58.9 MB.

Unloading 7 unused Assets to reduce memory usage. Loaded Objects now: 1616.
Total: 2.370000 ms (FindLiveObjects: 0.223000 ms CreateObjectMapping: 0.069400 ms MarkObjects: 1.756000 ms  DeleteObjects: 0.318400 ms)

========================================================================
Received Prepare
Registering precompiled user dll's ...
Registered in 0.000822 seconds.
Begin MonoManager ReloadAssembly
Native extension for WindowsStandalone target not found
Refreshing native plugins compatible for Editor in 0.21 ms, found 0 plugins.
Preloading 0 native plugins for Editor in 0.00 ms.
Invoked RoslynAnalysisRunner static constructor.
RoslynAnalysisRunner will not be running.
RoslynAnalysisRunner has terminated.
Mono: successfully reloaded assembly
- Completed reload, in  0.724 seconds
Platform modules already initialized, skipping
Refreshing native plugins compatible for Editor in 0.22 ms, found 0 plugins.
Preloading 0 native plugins for Editor in 0.00 ms.
Unloading 1143 Unused Serialized files (Serialized files now loaded: 0)
System memory in use before: 58.8 MB.
System memory in use after: 58.9 MB.

Unloading 5 unused Assets to reduce memory usage. Loaded Objects now: 1619.
Total: 1.679800 ms (FindLiveObjects: 0.147400 ms CreateObjectMapping: 0.039300 ms MarkObjects: 1.438000 ms  DeleteObjects: 0.054100 ms)

========================================================================
Received Import Request.
  Time since last request: 4691.714533 seconds.
  path: Assets/Player Model.prefab
  artifactKey: Guid(78f0b5ae66562a248adb93f840461411) Importer(815301076,1909f56bfc062723c751e8b465ee728b)
Start importing Assets/Player Model.prefab using Guid(78f0b5ae66562a248adb93f840461411) Importer(815301076,1909f56bfc062723c751e8b465ee728b)  -> (artifact id: '7bc1f4826b2fa66a39524faabfbf9bab') in 0.105106 seconds
  Import took 0.107050 seconds .

========================================================================
Received Prepare
Registering precompiled user dll's ...
Registered in 0.000679 seconds.
Begin MonoManager ReloadAssembly
Native extension for WindowsStandalone target not found
Refreshing native plugins compatible for Editor in 0.26 ms, found 0 plugins.
Preloading 0 native plugins for Editor in 0.00 ms.
Invoked RoslynAnalysisRunner static constructor.
RoslynAnalysisRunner will not be running.
RoslynAnalysisRunner has terminated.
Mono: successfully reloaded assembly
- Completed reload, in  0.961 seconds
Platform modules already initialized, skipping
Refreshing native plugins compatible for Editor in 0.23 ms, found 0 plugins.
Preloading 0 native plugins for Editor in 0.00 ms.
Unloading 1144 Unused Serialized files (Serialized files now loaded: 0)
System memory in use before: 62.1 MB.
System memory in use after: 62.1 MB.

Unloading 6 unused Assets to reduce memory usage. Loaded Objects now: 1631.
Total: 1.430200 ms (FindLiveObjects: 0.128200 ms CreateObjectMapping: 0.032600 ms MarkObjects: 1.217500 ms  DeleteObjects: 0.050800 ms)

========================================================================
Received Prepare
Registering precompiled user dll's ...
Registered in 0.000949 seconds.
Begin MonoManager ReloadAssembly
Native extension for WindowsStandalone target not found
Refreshing native plugins compatible for Editor in 0.21 ms, found 0 plugins.
Preloading 0 native plugins for Editor in 0.00 ms.
Invoked RoslynAnalysisRunner static constructor.
RoslynAnalysisRunner will not be running.
RoslynAnalysisRunner has terminated.
Mono: successfully reloaded assembly
- Completed reload, in  0.748 seconds
Platform modules already initialized, skipping
Refreshing native plugins compatible for Editor in 0.21 ms, found 0 plugins.
Preloading 0 native plugins for Editor in 0.00 ms.
Unloading 1144 Unused Serialized files (Serialized files now loaded: 0)
System memory in use before: 62.1 MB.
System memory in use after: 62.1 MB.

Unloading 5 unused Assets to reduce memory usage. Loaded Objects now: 1634.
Total: 1.556500 ms (FindLiveObjects: 0.138400 ms CreateObjectMapping: 0.039200 ms MarkObjects: 1.329700 ms  DeleteObjects: 0.047500 ms)

========================================================================
Received Prepare
Registering precompiled user dll's ...
Registered in 0.000658 seconds.
Begin MonoManager ReloadAssembly
Native extension for WindowsStandalone target not found
Refreshing native plugins compatible for Editor in 0.21 ms, found 0 plugins.
Preloading 0 native plugins for Editor in 0.00 ms.
Invoked RoslynAnalysisRunner static constructor.
RoslynAnalysisRunner will not be running.
RoslynAnalysisRunner has terminated.
Mono: successfully reloaded assembly
- Completed reload, in  0.750 seconds
Platform modules already initialized, skipping
Refreshing native plugins compatible for Editor in 0.21 ms, found 0 plugins.
Preloading 0 native plugins for Editor in 0.00 ms.
Unloading 1144 Unused Serialized files (Serialized files now loaded: 0)
System memory in use before: 62.1 MB.
System memory in use after: 62.1 MB.

Unloading 5 unused Assets to reduce memory usage. Loaded Objects now: 1637.
Total: 1.467400 ms (FindLiveObjects: 0.125600 ms CreateObjectMapping: 0.040200 ms MarkObjects: 1.255500 ms  DeleteObjects: 0.045400 ms)

========================================================================
Received Prepare
Registering precompiled user dll's ...
Registered in 0.000726 seconds.
Begin MonoManager ReloadAssembly
Native extension for WindowsStandalone target not found
Refreshing native plugins compatible for Editor in 0.21 ms, found 0 plugins.
Preloading 0 native plugins for Editor in 0.00 ms.
Invoked RoslynAnalysisRunner static constructor.
RoslynAnalysisRunner will not be running.
RoslynAnalysisRunner has terminated.
Mono: successfully reloaded assembly
- Completed reload, in  0.707 seconds
Platform modules already initialized, skipping
Refreshing native plugins compatible for Editor in 0.25 ms, found 0 plugins.
Preloading 0 native plugins for Editor in 0.00 ms.
Unloading 1144 Unused Serialized files (Serialized files now loaded: 0)
System memory in use before: 62.1 MB.
System memory in use after: 62.1 MB.

Unloading 5 unused Assets to reduce memory usage. Loaded Objects now: 1640.
Total: 1.729800 ms (FindLiveObjects: 0.146600 ms CreateObjectMapping: 0.039900 ms MarkObjects: 1.487500 ms  DeleteObjects: 0.054800 ms)

========================================================================
Received Import Request.
  Time since last request: 240.980557 seconds.
  path: Assets/Red.mat
  artifactKey: Guid(84c31a26efbc3ca4499fc76d59e10e4c) Importer(815301076,1909f56bfc062723c751e8b465ee728b)
Start importing Assets/Red.mat using Guid(84c31a26efbc3ca4499fc76d59e10e4c) Importer(815301076,1909f56bfc062723c751e8b465ee728b)  -> (artifact id: '5b8fcf69b588def8320154da28cd402b') in 0.072823 seconds
  Import took 0.076015 seconds .

========================================================================
Received Import Request.
  Time since last request: 13.077307 seconds.
  path: Assets/Red.mat
  artifactKey: Guid(84c31a26efbc3ca4499fc76d59e10e4c) Importer(815301076,1909f56bfc062723c751e8b465ee728b)
Start importing Assets/Red.mat using Guid(84c31a26efbc3ca4499fc76d59e10e4c) Importer(815301076,1909f56bfc062723c751e8b465ee728b)  -> (artifact id: '07655c37d797a1c31210211971f90e85') in 0.016384 seconds
  Import took 0.018351 seconds .

========================================================================
Received Import Request.
  Time since last request: 4.750991 seconds.
  path: Assets/New Skin.prefab
  artifactKey: Guid(a29022b0eab04ff42946061ffed85690) Importer(815301076,1909f56bfc062723c751e8b465ee728b)
Start importing Assets/New Skin.prefab using Guid(a29022b0eab04ff42946061ffed85690) Importer(815301076,1909f56bfc062723c751e8b465ee728b)  -> (artifact id: 'e7fb6f506449416c6e1ede892e3e3b43') in 0.025817 seconds
  Import took 0.027775 seconds .

========================================================================
Received Import Request.
  Time since last request: 0.009818 seconds.
  path: Assets/New Skin.prefab
  artifactKey: Guid(a29022b0eab04ff42946061ffed85690) Importer(815301076,1909f56bfc062723c751e8b465ee728b)
Start importing Assets/New Skin.prefab using Guid(a29022b0eab04ff42946061ffed85690) Importer(815301076,1909f56bfc062723c751e8b465ee728b)  -> (artifact id: 'e7fb6f506449416c6e1ede892e3e3b43') in 0.008278 seconds
  Import took 0.010246 seconds .

========================================================================
Received Prepare
Registering precompiled user dll's ...
Registered in 0.000591 seconds.
Begin MonoManager ReloadAssembly
Native extension for WindowsStandalone target not found
Refreshing native plugins compatible for Editor in 0.21 ms, found 0 plugins.
Preloading 0 native plugins for Editor in 0.00 ms.
Invoked RoslynAnalysisRunner static constructor.
RoslynAnalysisRunner will not be running.
RoslynAnalysisRunner has terminated.
Mono: successfully reloaded assembly
- Completed reload, in  0.717 seconds
Platform modules already initialized, skipping
Refreshing native plugins compatible for Editor in 0.23 ms, found 0 plugins.
Preloading 0 native plugins for Editor in 0.00 ms.
Unloading 1144 Unused Serialized files (Serialized files now loaded: 0)
System memory in use before: 62.3 MB.
System memory in use after: 62.4 MB.

Unloading 5 unused Assets to reduce memory usage. Loaded Objects now: 1677.
Total: 2.235800 ms (FindLiveObjects: 0.173900 ms CreateObjectMapping: 0.043700 ms MarkObjects: 1.924000 ms  DeleteObjects: 0.092200 ms)

========================================================================
Received Prepare
Registering precompiled user dll's ...
Registered in 0.000686 seconds.
Begin MonoManager ReloadAssembly
Native extension for WindowsStandalone target not found
Refreshing native plugins compatible for Editor in 0.21 ms, found 0 plugins.
Preloading 0 native plugins for Editor in 0.00 ms.
Invoked RoslynAnalysisRunner static constructor.
RoslynAnalysisRunner will not be running.
RoslynAnalysisRunner has terminated.
Mono: successfully reloaded assembly
- Completed reload, in  0.708 seconds
Platform modules already initialized, skipping
Refreshing native plugins compatible for Editor in 0.21 ms, found 0 plugins.
Preloading 0 native plugins for Editor in 0.00 ms.
Unloading 1144 Unused Serialized files (Serialized files now loaded: 0)
System memory in use before: 62.3 MB.
System memory in use after: 62.4 MB.

Unloading 5 unused Assets to reduce memory usage. Loaded Objects now: 1680.
Total: 1.540800 ms (FindLiveObjects: 0.150500 ms CreateObjectMapping: 0.036800 ms MarkObjects: 1.307300 ms  DeleteObjects: 0.045300 ms)

========================================================================
Received Prepare
Registering precompiled user dll's ...
Registered in 0.000704 seconds.
Begin MonoManager ReloadAssembly
Native extension for WindowsStandalone target not found
Refreshing native plugins compatible for Editor in 0.31 ms, found 0 plugins.
Preloading 0 native plugins for Editor in 0.00 ms.
Invoked RoslynAnalysisRunner static constructor.
RoslynAnalysisRunner will not be running.
RoslynAnalysisRunner has terminated.
Mono: successfully reloaded assembly
- Completed reload, in  0.726 seconds
Platform modules already initialized, skipping
Refreshing native plugins compatible for Editor in 0.21 ms, found 0 plugins.
Preloading 0 native plugins for Editor in 0.00 ms.
Unloading 1144 Unused Serialized files (Serialized files now loaded: 0)
System memory in use before: 62.3 MB.
System memory in use after: 62.4 MB.

Unloading 5 unused Assets to reduce memory usage. Loaded Objects now: 1683.
Total: 1.840500 ms (FindLiveObjects: 0.146100 ms CreateObjectMapping: 0.039700 ms MarkObjects: 1.530300 ms  DeleteObjects: 0.123400 ms)

========================================================================
Received Prepare
Registering precompiled user dll's ...
Registered in 0.000661 seconds.
Begin MonoManager ReloadAssembly
Native extension for WindowsStandalone target not found
Refreshing native plugins compatible for Editor in 0.24 ms, found 0 plugins.
Preloading 0 native plugins for Editor in 0.00 ms.
Invoked RoslynAnalysisRunner static constructor.
RoslynAnalysisRunner will not be running.
RoslynAnalysisRunner has terminated.
Mono: successfully reloaded assembly
- Completed reload, in  0.835 seconds
Platform modules already initialized, skipping
Refreshing native plugins compatible for Editor in 0.24 ms, found 0 plugins.
Preloading 0 native plugins for Editor in 0.00 ms.
Unloading 1145 Unused Serialized files (Serialized files now loaded: 0)
System memory in use before: 62.3 MB.
System memory in use after: 62.4 MB.

Unloading 5 unused Assets to reduce memory usage. Loaded Objects now: 1687.
Total: 1.618100 ms (FindLiveObjects: 0.178400 ms CreateObjectMapping: 0.049900 ms MarkObjects: 1.335400 ms  DeleteObjects: 0.053300 ms)

========================================================================
Received Prepare
Registering precompiled user dll's ...
Registered in 0.000726 seconds.
Begin MonoManager ReloadAssembly
Native extension for WindowsStandalone target not found
Refreshing native plugins compatible for Editor in 0.22 ms, found 0 plugins.
Preloading 0 native plugins for Editor in 0.00 ms.
Invoked RoslynAnalysisRunner static constructor.
RoslynAnalysisRunner will not be running.
RoslynAnalysisRunner has terminated.
Mono: successfully reloaded assembly
- Completed reload, in  0.767 seconds
Platform modules already initialized, skipping
Refreshing native plugins compatible for Editor in 0.23 ms, found 0 plugins.
Preloading 0 native plugins for Editor in 0.00 ms.
Unloading 1145 Unused Serialized files (Serialized files now loaded: 0)
System memory in use before: 62.3 MB.
System memory in use after: 62.4 MB.

Unloading 5 unused Assets to reduce memory usage. Loaded Objects now: 1690.
Total: 1.457400 ms (FindLiveObjects: 0.135200 ms CreateObjectMapping: 0.032700 ms MarkObjects: 1.242700 ms  DeleteObjects: 0.046000 ms)

========================================================================
Received Import Request.
  Time since last request: 243.690974 seconds.
  path: Assets/SkinPanel.prefab
  artifactKey: Guid(d7710a1b65db67443a5c7d4189418e08) Importer(815301076,1909f56bfc062723c751e8b465ee728b)
Start importing Assets/SkinPanel.prefab using Guid(d7710a1b65db67443a5c7d4189418e08) Importer(815301076,1909f56bfc062723c751e8b465ee728b)  -> (artifact id: '302b565e4df0960944515125dadfc9c8') in 0.080392 seconds
  Import took 0.082721 seconds .

========================================================================
Received Import Request.
  Time since last request: 75.279752 seconds.
  path: Assets/SkinPanel.prefab
  artifactKey: Guid(d7710a1b65db67443a5c7d4189418e08) Importer(815301076,1909f56bfc062723c751e8b465ee728b)
Start importing Assets/SkinPanel.prefab using Guid(d7710a1b65db67443a5c7d4189418e08) Importer(815301076,1909f56bfc062723c751e8b465ee728b)  -> (artifact id: '270f4bbd9db687b2aed2b6975685294f') in 0.025961 seconds
  Import took 0.029628 seconds .

========================================================================
Received Prepare
Registering precompiled user dll's ...
Registered in 0.000718 seconds.
Begin MonoManager ReloadAssembly
Native extension for WindowsStandalone target not found
Refreshing native plugins compatible for Editor in 0.21 ms, found 0 plugins.
Preloading 0 native plugins for Editor in 0.00 ms.
Invoked RoslynAnalysisRunner static constructor.
RoslynAnalysisRunner will not be running.
RoslynAnalysisRunner has terminated.
Mono: successfully reloaded assembly
- Completed reload, in  0.768 seconds
Platform modules already initialized, skipping
Refreshing native plugins compatible for Editor in 0.21 ms, found 0 plugins.
Preloading 0 native plugins for Editor in 0.00 ms.
Unloading 1145 Unused Serialized files (Serialized files now loaded: 0)
System memory in use before: 62.3 MB.
System memory in use after: 62.4 MB.

Unloading 7 unused Assets to reduce memory usage. Loaded Objects now: 1693.
Total: 1.673600 ms (FindLiveObjects: 0.143700 ms CreateObjectMapping: 0.034000 ms MarkObjects: 1.437100 ms  DeleteObjects: 0.057700 ms)

========================================================================
Received Import Request.
  Time since last request: 117.758379 seconds.
  path: Assets/SkinPanel.prefab
  artifactKey: Guid(d7710a1b65db67443a5c7d4189418e08) Importer(815301076,1909f56bfc062723c751e8b465ee728b)
Start importing Assets/SkinPanel.prefab using Guid(d7710a1b65db67443a5c7d4189418e08) Importer(815301076,1909f56bfc062723c751e8b465ee728b)  -> (artifact id: '94200f8f1de875cbde191dc844795748') in 0.073891 seconds
  Import took 0.076255 seconds .

========================================================================
Received Import Request.
  Time since last request: 12.259336 seconds.
  path: Assets/SkinPanel.prefab
  artifactKey: Guid(d7710a1b65db67443a5c7d4189418e08) Importer(815301076,1909f56bfc062723c751e8b465ee728b)
Start importing Assets/SkinPanel.prefab using Guid(d7710a1b65db67443a5c7d4189418e08) Importer(815301076,1909f56bfc062723c751e8b465ee728b)  -> (artifact id: 'f3511b07dd838ec04eccd798bced2caf') in 0.019442 seconds
  Import took 0.021746 seconds .

========================================================================
Received Import Request.
  Time since last request: 3.495859 seconds.
  path: Assets/SkinPanel.prefab
  artifactKey: Guid(d7710a1b65db67443a5c7d4189418e08) Importer(815301076,1909f56bfc062723c751e8b465ee728b)
Start importing Assets/SkinPanel.prefab using Guid(d7710a1b65db67443a5c7d4189418e08) Importer(815301076,1909f56bfc062723c751e8b465ee728b)  -> (artifact id: '8f712034d1aa7d52a038f91964feeac6') in 0.022394 seconds
  Import took 0.025196 seconds .

========================================================================
Received Import Request.
  Time since last request: 5.861064 seconds.
  path: Assets/SkinPanel.prefab
  artifactKey: Guid(d7710a1b65db67443a5c7d4189418e08) Importer(815301076,1909f56bfc062723c751e8b465ee728b)
Start importing Assets/SkinPanel.prefab using Guid(d7710a1b65db67443a5c7d4189418e08) Importer(815301076,1909f56bfc062723c751e8b465ee728b)  -> (artifact id: '5d743889ca6e8cbede8248dba7e3a9e7') in 0.021626 seconds
  Import took 0.023855 seconds .

========================================================================
Received Prepare
Registering precompiled user dll's ...
Registered in 0.000722 seconds.
Begin MonoManager ReloadAssembly
Native extension for WindowsStandalone target not found
Refreshing native plugins compatible for Editor in 0.21 ms, found 0 plugins.
Preloading 0 native plugins for Editor in 0.00 ms.
Invoked RoslynAnalysisRunner static constructor.
RoslynAnalysisRunner will not be running.
RoslynAnalysisRunner has terminated.
Mono: successfully reloaded assembly
- Completed reload, in  0.709 seconds
Platform modules already initialized, skipping
Refreshing native plugins compatible for Editor in 0.21 ms, found 0 plugins.
Preloading 0 native plugins for Editor in 0.00 ms.
Unloading 1145 Unused Serialized files (Serialized files now loaded: 0)
System memory in use before: 62.4 MB.
System memory in use after: 62.4 MB.

Unloading 7 unused Assets to reduce memory usage. Loaded Objects now: 1696.
Total: 1.951000 ms (FindLiveObjects: 0.217800 ms CreateObjectMapping: 0.061700 ms MarkObjects: 1.609600 ms  DeleteObjects: 0.060600 ms)

========================================================================
Received Prepare
Registering precompiled user dll's ...
Registered in 0.000705 seconds.
Begin MonoManager ReloadAssembly
Native extension for WindowsStandalone target not found
Refreshing native plugins compatible for Editor in 0.22 ms, found 0 plugins.
Preloading 0 native plugins for Editor in 0.00 ms.
Invoked RoslynAnalysisRunner static constructor.
RoslynAnalysisRunner will not be running.
RoslynAnalysisRunner has terminated.
Mono: successfully reloaded assembly
- Completed reload, in  0.762 seconds
Platform modules already initialized, skipping
Refreshing native plugins compatible for Editor in 0.24 ms, found 0 plugins.
Preloading 0 native plugins for Editor in 0.00 ms.
Unloading 1146 Unused Serialized files (Serialized files now loaded: 0)
System memory in use before: 62.4 MB.
System memory in use after: 62.4 MB.

Unloading 5 unused Assets to reduce memory usage. Loaded Objects now: 1700.
Total: 1.946300 ms (FindLiveObjects: 0.157800 ms CreateObjectMapping: 0.043700 ms MarkObjects: 1.671500 ms  DeleteObjects: 0.071700 ms)

========================================================================
Received Prepare
Registering precompiled user dll's ...
Registered in 0.000684 seconds.
Begin MonoManager ReloadAssembly
Native extension for WindowsStandalone target not found
Refreshing native plugins compatible for Editor in 0.21 ms, found 0 plugins.
Preloading 0 native plugins for Editor in 0.00 ms.
Invoked RoslynAnalysisRunner static constructor.
RoslynAnalysisRunner will not be running.
RoslynAnalysisRunner has terminated.
Mono: successfully reloaded assembly
- Completed reload, in  0.736 seconds
Platform modules already initialized, skipping
Refreshing native plugins compatible for Editor in 0.22 ms, found 0 plugins.
Preloading 0 native plugins for Editor in 0.00 ms.
Unloading 1146 Unused Serialized files (Serialized files now loaded: 0)
System memory in use before: 62.4 MB.
System memory in use after: 62.5 MB.

Unloading 5 unused Assets to reduce memory usage. Loaded Objects now: 1703.
Total: 1.463200 ms (FindLiveObjects: 0.135600 ms CreateObjectMapping: 0.035000 ms MarkObjects: 1.244700 ms  DeleteObjects: 0.046800 ms)

========================================================================
Received Prepare
Registering precompiled user dll's ...
Registered in 0.000691 seconds.
Begin MonoManager ReloadAssembly
Native extension for WindowsStandalone target not found
Refreshing native plugins compatible for Editor in 0.22 ms, found 0 plugins.
Preloading 0 native plugins for Editor in 0.00 ms.
Invoked RoslynAnalysisRunner static constructor.
RoslynAnalysisRunner will not be running.
RoslynAnalysisRunner has terminated.
Mono: successfully reloaded assembly
- Completed reload, in  0.712 seconds
Platform modules already initialized, skipping
Refreshing native plugins compatible for Editor in 0.24 ms, found 0 plugins.
Preloading 0 native plugins for Editor in 0.00 ms.
Unloading 1146 Unused Serialized files (Serialized files now loaded: 0)
System memory in use before: 62.4 MB.
System memory in use after: 62.5 MB.

Unloading 5 unused Assets to reduce memory usage. Loaded Objects now: 1706.
Total: 1.665200 ms (FindLiveObjects: 0.153500 ms CreateObjectMapping: 0.054000 ms MarkObjects: 1.403600 ms  DeleteObjects: 0.053000 ms)

========================================================================
Received Import Request.
  Time since last request: 616.852125 seconds.
  path: Assets/modello1.PNG
  artifactKey: Guid(b673e1f22fb1b4249bc2007327b61c4a) Importer(815301076,1909f56bfc062723c751e8b465ee728b)
Start importing Assets/modello1.PNG using Guid(b673e1f22fb1b4249bc2007327b61c4a) Importer(815301076,1909f56bfc062723c751e8b465ee728b)  -> (artifact id: '52edaddb35537e63b15033ed5d6d6848') in 0.072467 seconds
  Import took 0.074451 seconds .

========================================================================
Received Import Request.
  Time since last request: 0.000210 seconds.
  path: Assets/modello2.PNG
  artifactKey: Guid(e212818004baaed43ac3030ac6e48b91) Importer(815301076,1909f56bfc062723c751e8b465ee728b)
Start importing Assets/modello2.PNG using Guid(e212818004baaed43ac3030ac6e48b91) Importer(815301076,1909f56bfc062723c751e8b465ee728b)  -> (artifact id: 'd9092e6820e0ca6f7cd2d0bfd6188673') in 0.014367 seconds
  Import took 0.016541 seconds .

========================================================================
Received Import Request.
  Time since last request: 16.716624 seconds.
  path: Assets/modello1.PNG
  artifactKey: Guid(b673e1f22fb1b4249bc2007327b61c4a) Importer(815301076,1909f56bfc062723c751e8b465ee728b)
Start importing Assets/modello1.PNG using Guid(b673e1f22fb1b4249bc2007327b61c4a) Importer(815301076,1909f56bfc062723c751e8b465ee728b)  -> (artifact id: '2ef135f8a84355c8412cb80726d6071e') in 0.034600 seconds
  Import took 0.036643 seconds .

========================================================================
Received Import Request.
  Time since last request: 0.000200 seconds.
  path: Assets/modello2.PNG
  artifactKey: Guid(e212818004baaed43ac3030ac6e48b91) Importer(815301076,1909f56bfc062723c751e8b465ee728b)
Start importing Assets/modello2.PNG using Guid(e212818004baaed43ac3030ac6e48b91) Importer(815301076,1909f56bfc062723c751e8b465ee728b)  -> (artifact id: '6127e5655cbdecb667639e68b19b59ac') in 0.017905 seconds
  Import took 0.019942 seconds .

========================================================================
Received Import Request.
  Time since last request: 114.148060 seconds.
  path: Assets/Models
  artifactKey: Guid(6a4b4561b0258844eac68092c636dfff) Importer(815301076,1909f56bfc062723c751e8b465ee728b)
Start importing Assets/Models using Guid(6a4b4561b0258844eac68092c636dfff) Importer(815301076,1909f56bfc062723c751e8b465ee728b)  -> (artifact id: 'de5380aff6de30d43ac3708a0ef546b7') in 0.007040 seconds
  Import took 0.009451 seconds .

========================================================================
Received Import Request.
  Time since last request: 36.358186 seconds.
  path: Assets/UI
  artifactKey: Guid(93e37e0a479a73c4dbaf4c34ed044c17) Importer(815301076,1909f56bfc062723c751e8b465ee728b)
Start importing Assets/UI using Guid(93e37e0a479a73c4dbaf4c34ed044c17) Importer(815301076,1909f56bfc062723c751e8b465ee728b)  -> (artifact id: 'df9acbe67994a5becf4a5039856c2ad7') in 0.007572 seconds
  Import took 0.009938 seconds .

========================================================================
Received Import Request.
  Time since last request: 9.724747 seconds.
  path: Assets/PlayerMovement.cs
  artifactKey: Guid(0a4957252c5c4414a8621e7ac97fabf3) Importer(815301076,1909f56bfc062723c751e8b465ee728b)
Start importing Assets/PlayerMovement.cs using Guid(0a4957252c5c4414a8621e7ac97fabf3) Importer(815301076,1909f56bfc062723c751e8b465ee728b)  -> (artifact id: '5963dca693b33e41e6cce2644714e3fb') in 0.006572 seconds
  Import took 0.008994 seconds .

========================================================================
Received Import Request.
  Time since last request: 0.512538 seconds.
  path: Assets/SkinLoader.cs
  artifactKey: Guid(37eef5ec6eea47c4c99f34b60ba6e203) Importer(815301076,1909f56bfc062723c751e8b465ee728b)
Start importing Assets/SkinLoader.cs using Guid(37eef5ec6eea47c4c99f34b60ba6e203) Importer(815301076,1909f56bfc062723c751e8b465ee728b)  -> (artifact id: '42294ac13b5ad4152f2a2dc1969dc828') in 0.008429 seconds
  Import took 0.010825 seconds .

========================================================================
Received Prepare
Registering precompiled user dll's ...
Registered in 0.000699 seconds.
Begin MonoManager ReloadAssembly
Native extension for WindowsStandalone target not found
Refreshing native plugins compatible for Editor in 0.21 ms, found 0 plugins.
Preloading 0 native plugins for Editor in 0.00 ms.
Invoked RoslynAnalysisRunner static constructor.
RoslynAnalysisRunner will not be running.
RoslynAnalysisRunner has terminated.
Mono: successfully reloaded assembly
- Completed reload, in  0.774 seconds
Platform modules already initialized, skipping
Refreshing native plugins compatible for Editor in 0.21 ms, found 0 plugins.
Preloading 0 native plugins for Editor in 0.00 ms.
Unloading 1146 Unused Serialized files (Serialized files now loaded: 0)
System memory in use before: 62.4 MB.
System memory in use after: 62.5 MB.

Unloading 5 unused Assets to reduce memory usage. Loaded Objects now: 1716.
Total: 1.513000 ms (FindLiveObjects: 0.136000 ms CreateObjectMapping: 0.032800 ms MarkObjects: 1.295800 ms  DeleteObjects: 0.047500 ms)

========================================================================
Received Import Request.
  Time since last request: 10.452512 seconds.
  path: Assets/Scenes/01.Game.unity
  artifactKey: Guid(efdbc93af2c582f4b9c98dc41184a9d5) Importer(815301076,1909f56bfc062723c751e8b465ee728b)
Start importing Assets/Scenes/01.Game.unity using Guid(efdbc93af2c582f4b9c98dc41184a9d5) Importer(815301076,1909f56bfc062723c751e8b465ee728b)  -> (artifact id: '39ff5de58ced4ebfa5b39a94b295164e') in 0.010887 seconds
  Import took 0.013498 seconds .

========================================================================
Received Import Request.
  Time since last request: 32.936153 seconds.
  path: Assets/Models/DefaultSkin.prefab
  artifactKey: Guid(78f0b5ae66562a248adb93f840461411) Importer(815301076,1909f56bfc062723c751e8b465ee728b)
Start importing Assets/Models/DefaultSkin.prefab using Guid(78f0b5ae66562a248adb93f840461411) Importer(815301076,1909f56bfc062723c751e8b465ee728b)  -> (artifact id: '4a47659ad32269e22373cb8cc01fe81e') in 0.089792 seconds
  Import took 0.091852 seconds .

========================================================================
Received Import Request.
  Time since last request: 6.942655 seconds.
  path: Assets/Models/RedSkin.prefab
  artifactKey: Guid(a29022b0eab04ff42946061ffed85690) Importer(815301076,1909f56bfc062723c751e8b465ee728b)
Start importing Assets/Models/RedSkin.prefab using Guid(a29022b0eab04ff42946061ffed85690) Importer(815301076,1909f56bfc062723c751e8b465ee728b)  -> (artifact id: 'c46b77a3b2693ee6a028937d28d4c3cc') in 0.016999 seconds
  Import took 0.019520 seconds .

========================================================================
Received Import Request.
  Time since last request: 0.006243 seconds.
  path: Assets/Models/RedSkin.prefab
  artifactKey: Guid(a29022b0eab04ff42946061ffed85690) Importer(815301076,1909f56bfc062723c751e8b465ee728b)
Start importing Assets/Models/RedSkin.prefab using Guid(a29022b0eab04ff42946061ffed85690) Importer(815301076,1909f56bfc062723c751e8b465ee728b)  -> (artifact id: 'c46b77a3b2693ee6a028937d28d4c3cc') in 0.011206 seconds
  Import took 0.013867 seconds .

========================================================================
Received Import Request.
  Time since last request: 180.309136 seconds.
  path: Assets/Models/DefaultSkin Variant.prefab
  artifactKey: Guid(d93636333e52b314099a25a9de073e93) Importer(815301076,1909f56bfc062723c751e8b465ee728b)
Start importing Assets/Models/DefaultSkin Variant.prefab using Guid(d93636333e52b314099a25a9de073e93) Importer(815301076,1909f56bfc062723c751e8b465ee728b)  -> (artifact id: '9944c6b23f9ff722e50f9d00c14d2d1c') in 0.019893 seconds
  Import took 0.022103 seconds .

========================================================================
Received Import Request.
  Time since last request: 0.017628 seconds.
  path: Assets/Models/DefaultSkin Variant.prefab
  artifactKey: Guid(d93636333e52b314099a25a9de073e93) Importer(815301076,1909f56bfc062723c751e8b465ee728b)
Start importing Assets/Models/DefaultSkin Variant.prefab using Guid(d93636333e52b314099a25a9de073e93) Importer(815301076,1909f56bfc062723c751e8b465ee728b)  -> (artifact id: '9944c6b23f9ff722e50f9d00c14d2d1c') in 0.008557 seconds
  Import took 0.010753 seconds .

========================================================================
Received Import Request.
  Time since last request: 4.712772 seconds.
  path: Assets/Models/RedSkin.prefab
  artifactKey: Guid(d93636333e52b314099a25a9de073e93) Importer(815301076,1909f56bfc062723c751e8b465ee728b)
Start importing Assets/Models/RedSkin.prefab using Guid(d93636333e52b314099a25a9de073e93) Importer(815301076,1909f56bfc062723c751e8b465ee728b)  -> (artifact id: '35e76da86e5cf36314d7d649cb43315e') in 0.008951 seconds
  Import took 0.011254 seconds .

========================================================================
Received Import Request.
  Time since last request: 0.013056 seconds.
  path: Assets/Models/RedSkin.prefab
  artifactKey: Guid(d93636333e52b314099a25a9de073e93) Importer(815301076,1909f56bfc062723c751e8b465ee728b)
Start importing Assets/Models/RedSkin.prefab using Guid(d93636333e52b314099a25a9de073e93) Importer(815301076,1909f56bfc062723c751e8b465ee728b)  -> (artifact id: '35e76da86e5cf36314d7d649cb43315e') in 0.010911 seconds
  Import took 0.013196 seconds .

========================================================================
Received Import Request.
  Time since last request: 47.817175 seconds.
  path: Assets/Models/RedSkin.prefab
  artifactKey: Guid(d93636333e52b314099a25a9de073e93) Importer(815301076,1909f56bfc062723c751e8b465ee728b)
Start importing Assets/Models/RedSkin.prefab using Guid(d93636333e52b314099a25a9de073e93) Importer(815301076,1909f56bfc062723c751e8b465ee728b)  -> (artifact id: 'e21697ee6796c5c3948be3a920736c1d') in 0.014365 seconds
  Import took 0.016410 seconds .

========================================================================
Received Import Request.
  Time since last request: 31.660823 seconds.
  path: Assets/Models/DefaultSkin.prefab
  artifactKey: Guid(78f0b5ae66562a248adb93f840461411) Importer(815301076,1909f56bfc062723c751e8b465ee728b)
Start importing Assets/Models/DefaultSkin.prefab using Guid(78f0b5ae66562a248adb93f840461411) Importer(815301076,1909f56bfc062723c751e8b465ee728b)  -> (artifact id: 'f99634a2227732390a4fb978a0105149') in 0.007946 seconds
  Import took 0.010121 seconds .

========================================================================
Received Import Request.
  Time since last request: 0.010819 seconds.
  path: Assets/Models/DefaultSkin.prefab
  artifactKey: Guid(78f0b5ae66562a248adb93f840461411) Importer(815301076,1909f56bfc062723c751e8b465ee728b)
Start importing Assets/Models/DefaultSkin.prefab using Guid(78f0b5ae66562a248adb93f840461411) Importer(815301076,1909f56bfc062723c751e8b465ee728b)  -> (artifact id: 'f99634a2227732390a4fb978a0105149') in 0.008161 seconds
  Import took 0.010206 seconds .

========================================================================
Received Import Request.
  Time since last request: 0.000202 seconds.
  path: Assets/Models/RedSkin.prefab
  artifactKey: Guid(d93636333e52b314099a25a9de073e93) Importer(815301076,1909f56bfc062723c751e8b465ee728b)
Start importing Assets/Models/RedSkin.prefab using Guid(d93636333e52b314099a25a9de073e93) Importer(815301076,1909f56bfc062723c751e8b465ee728b)  -> (artifact id: 'e4adfe569f0f321f0a193696a98e5398') in 0.012207 seconds
  Import took 0.014368 seconds .

========================================================================
Received Import Request.
  Time since last request: 0.001019 seconds.
  path: Assets/Models/RedSkin.prefab
  artifactKey: Guid(d93636333e52b314099a25a9de073e93) Importer(815301076,1909f56bfc062723c751e8b465ee728b)
Start importing Assets/Models/RedSkin.prefab using Guid(d93636333e52b314099a25a9de073e93) Importer(815301076,1909f56bfc062723c751e8b465ee728b)  -> (artifact id: 'e4adfe569f0f321f0a193696a98e5398') in 0.011598 seconds
  Import took 0.013789 seconds .

========================================================================
Received Import Request.
  Time since last request: 25.481192 seconds.
  path: Assets/Models/RedSkin.prefab
  artifactKey: Guid(d93636333e52b314099a25a9de073e93) Importer(815301076,1909f56bfc062723c751e8b465ee728b)
Start importing Assets/Models/RedSkin.prefab using Guid(d93636333e52b314099a25a9de073e93) Importer(815301076,1909f56bfc062723c751e8b465ee728b)  -> (artifact id: '51f38f1630ab889639304c6538019ff6') in 0.015648 seconds
  Import took 0.017974 seconds .

========================================================================
Received Import Request.
  Time since last request: 0.006754 seconds.
  path: Assets/Models/RedSkin.prefab
  artifactKey: Guid(d93636333e52b314099a25a9de073e93) Importer(815301076,1909f56bfc062723c751e8b465ee728b)
Start importing Assets/Models/RedSkin.prefab using Guid(d93636333e52b314099a25a9de073e93) Importer(815301076,1909f56bfc062723c751e8b465ee728b)  -> (artifact id: '51f38f1630ab889639304c6538019ff6') in 0.035145 seconds
  Import took 0.037143 seconds .

========================================================================
Received Import Request.
  Time since last request: 62.687391 seconds.
  path: Assets/Models/DefaultSkin.prefab
  artifactKey: Guid(78f0b5ae66562a248adb93f840461411) Importer(815301076,1909f56bfc062723c751e8b465ee728b)
Start importing Assets/Models/DefaultSkin.prefab using Guid(78f0b5ae66562a248adb93f840461411) Importer(815301076,1909f56bfc062723c751e8b465ee728b)  -> (artifact id: 'f59249b32030c6019bfdd17a98aae5c8') in 0.014443 seconds
  Import took 0.016826 seconds .

========================================================================
Received Import Request.
  Time since last request: 0.007820 seconds.
  path: Assets/Models/DefaultSkin.prefab
  artifactKey: Guid(78f0b5ae66562a248adb93f840461411) Importer(815301076,1909f56bfc062723c751e8b465ee728b)
Start importing Assets/Models/DefaultSkin.prefab using Guid(78f0b5ae66562a248adb93f840461411) Importer(815301076,1909f56bfc062723c751e8b465ee728b)  -> (artifact id: 'f59249b32030c6019bfdd17a98aae5c8') in 0.032025 seconds
  Import took 0.033962 seconds .

========================================================================
Received Import Request.
  Time since last request: 0.000267 seconds.
  path: Assets/Models/RedSkin.prefab
  artifactKey: Guid(d93636333e52b314099a25a9de073e93) Importer(815301076,1909f56bfc062723c751e8b465ee728b)
Start importing Assets/Models/RedSkin.prefab using Guid(d93636333e52b314099a25a9de073e93) Importer(815301076,1909f56bfc062723c751e8b465ee728b)  -> (artifact id: 'ca6a99d2b49bcbeedb76e800af252f06') in 0.025437 seconds
  Import took 0.027383 seconds .

========================================================================
Received Import Request.
  Time since last request: 51.004093 seconds.
  path: Assets/Models/RedSkin.prefab
  artifactKey: Guid(d93636333e52b314099a25a9de073e93) Importer(815301076,1909f56bfc062723c751e8b465ee728b)
Start importing Assets/Models/RedSkin.prefab using Guid(d93636333e52b314099a25a9de073e93) Importer(815301076,1909f56bfc062723c751e8b465ee728b)  -> (artifact id: '951d3263410b4e98983dfdeb3dc05b18') in 0.013068 seconds
  Import took 0.015666 seconds .

========================================================================
Received Import Request.
  Time since last request: 0.009425 seconds.
  path: Assets/Models/RedSkin.prefab
  artifactKey: Guid(d93636333e52b314099a25a9de073e93) Importer(815301076,1909f56bfc062723c751e8b465ee728b)
Start importing Assets/Models/RedSkin.prefab using Guid(d93636333e52b314099a25a9de073e93) Importer(815301076,1909f56bfc062723c751e8b465ee728b)  -> (artifact id: '951d3263410b4e98983dfdeb3dc05b18') in 0.010530 seconds
  Import took 0.012692 seconds .

========================================================================
Received Import Request.
  Time since last request: 24.009125 seconds.
  path: Assets/Models/DefaultSkin Variant.prefab
  artifactKey: Guid(e8b2a2171be5a174da812cf94bfceaef) Importer(815301076,1909f56bfc062723c751e8b465ee728b)
Start importing Assets/Models/DefaultSkin Variant.prefab using Guid(e8b2a2171be5a174da812cf94bfceaef) Importer(815301076,1909f56bfc062723c751e8b465ee728b)  -> (artifact id: 'b04c084b4e9fb8288f8e4084d6e1a26c') in 0.012816 seconds
  Import took 0.014861 seconds .

========================================================================
Received Import Request.
  Time since last request: 0.019355 seconds.
  path: Assets/Models/DefaultSkin Variant.prefab
  artifactKey: Guid(e8b2a2171be5a174da812cf94bfceaef) Importer(815301076,1909f56bfc062723c751e8b465ee728b)
Start importing Assets/Models/DefaultSkin Variant.prefab using Guid(e8b2a2171be5a174da812cf94bfceaef) Importer(815301076,1909f56bfc062723c751e8b465ee728b)  -> (artifact id: 'b04c084b4e9fb8288f8e4084d6e1a26c') in 0.008544 seconds
  Import took 0.010535 seconds .

========================================================================
Received Import Request.
  Time since last request: 12.801218 seconds.
  path: Assets/Models/HatSkin.prefab
  artifactKey: Guid(e8b2a2171be5a174da812cf94bfceaef) Importer(815301076,1909f56bfc062723c751e8b465ee728b)
Start importing Assets/Models/HatSkin.prefab using Guid(e8b2a2171be5a174da812cf94bfceaef) Importer(815301076,1909f56bfc062723c751e8b465ee728b)  -> (artifact id: 'd4d79763a34c5f6194d7bb90101e6384') in 0.019460 seconds
  Import took 0.021887 seconds .

========================================================================
Received Import Request.
  Time since last request: 0.005161 seconds.
  path: Assets/Models/HatSkin.prefab
  artifactKey: Guid(e8b2a2171be5a174da812cf94bfceaef) Importer(815301076,1909f56bfc062723c751e8b465ee728b)
Start importing Assets/Models/HatSkin.prefab using Guid(e8b2a2171be5a174da812cf94bfceaef) Importer(815301076,1909f56bfc062723c751e8b465ee728b)  -> (artifact id: 'd4d79763a34c5f6194d7bb90101e6384') in 0.015049 seconds
  Import took 0.017117 seconds .

========================================================================
Received Import Request.
  Time since last request: 21.192920 seconds.
  path: Assets/Models/HatSkin.prefab
  artifactKey: Guid(e8b2a2171be5a174da812cf94bfceaef) Importer(815301076,1909f56bfc062723c751e8b465ee728b)
Start importing Assets/Models/HatSkin.prefab using Guid(e8b2a2171be5a174da812cf94bfceaef) Importer(815301076,1909f56bfc062723c751e8b465ee728b)  -> (artifact id: '8d1bead114242eabf23d988900d761ee') in 0.015634 seconds
  Import took 0.017913 seconds .

========================================================================
Received Import Request.
  Time since last request: 2.169276 seconds.
  path: Assets/Models/HatSkin.prefab
  artifactKey: Guid(e8b2a2171be5a174da812cf94bfceaef) Importer(815301076,1909f56bfc062723c751e8b465ee728b)
Start importing Assets/Models/HatSkin.prefab using Guid(e8b2a2171be5a174da812cf94bfceaef) Importer(815301076,1909f56bfc062723c751e8b465ee728b)  -> (artifact id: '9d23c039fce8ac8781800bdf9cf4c56b') in 0.012315 seconds
  Import took 0.014627 seconds .

========================================================================
Received Import Request.
  Time since last request: 4.212522 seconds.
  path: Assets/Models/HatSkin.prefab
  artifactKey: Guid(e8b2a2171be5a174da812cf94bfceaef) Importer(815301076,1909f56bfc062723c751e8b465ee728b)
Start importing Assets/Models/HatSkin.prefab using Guid(e8b2a2171be5a174da812cf94bfceaef) Importer(815301076,1909f56bfc062723c751e8b465ee728b)  -> (artifact id: '89e67ee20b0a70c9ed846da46c088cfe') in 0.013170 seconds
  Import took 0.015197 seconds .

========================================================================
Received Import Request.
  Time since last request: 3.414168 seconds.
  path: Assets/Models/HatSkin.prefab
  artifactKey: Guid(e8b2a2171be5a174da812cf94bfceaef) Importer(815301076,1909f56bfc062723c751e8b465ee728b)
Start importing Assets/Models/HatSkin.prefab using Guid(e8b2a2171be5a174da812cf94bfceaef) Importer(815301076,1909f56bfc062723c751e8b465ee728b)  -> (artifact id: 'a3447e091769bfb4ed56bba2414dda1c') in 0.013946 seconds
  Import took 0.016058 seconds .

========================================================================
Received Import Request.
  Time since last request: 52.307136 seconds.
  path: Assets/Materials/Green.mat
  artifactKey: Guid(46f101f916735ae4b804962d833cc60d) Importer(815301076,1909f56bfc062723c751e8b465ee728b)
Start importing Assets/Materials/Green.mat using Guid(46f101f916735ae4b804962d833cc60d) Importer(815301076,1909f56bfc062723c751e8b465ee728b)  -> (artifact id: '8e44b11794af632cb97f933be5e9faa3') in 0.027349 seconds
  Import took 0.029479 seconds .

========================================================================
Received Import Request.
  Time since last request: 49.427757 seconds.
  path: Assets/Models/HatSkin.prefab
  artifactKey: Guid(e8b2a2171be5a174da812cf94bfceaef) Importer(815301076,1909f56bfc062723c751e8b465ee728b)
Start importing Assets/Models/HatSkin.prefab using Guid(e8b2a2171be5a174da812cf94bfceaef) Importer(815301076,1909f56bfc062723c751e8b465ee728b)  -> (artifact id: '0311dc6c71a95991454b5e16971986d6') in 0.011657 seconds
  Import took 0.013635 seconds .

========================================================================
Received Import Request.
  Time since last request: 8.117853 seconds.
  path: Assets/Scenes/00.SkinShop.unity
  artifactKey: Guid(d35fa824d58a0384599381a1a444a43a) Importer(815301076,1909f56bfc062723c751e8b465ee728b)
Start importing Assets/Scenes/00.SkinShop.unity using Guid(d35fa824d58a0384599381a1a444a43a) Importer(815301076,1909f56bfc062723c751e8b465ee728b)  -> (artifact id: 'f4cfaa017743642102ea5ac586906478') in 0.007651 seconds
  Import took 0.012297 seconds .

========================================================================
Received Import Request.
  Time since last request: 90.546169 seconds.
  path: Assets/UI/SkinPanel.prefab
  artifactKey: Guid(d7710a1b65db67443a5c7d4189418e08) Importer(815301076,1909f56bfc062723c751e8b465ee728b)
Start importing Assets/UI/SkinPanel.prefab using Guid(d7710a1b65db67443a5c7d4189418e08) Importer(815301076,1909f56bfc062723c751e8b465ee728b)  -> (artifact id: '55aad5197934c515b933cbb2c3ab2c3f') in 0.067443 seconds
  Import took 0.070284 seconds .

========================================================================
Received Import Request.
  Time since last request: 0.921261 seconds.
  path: Assets/UI/SkinPanel.prefab
  artifactKey: Guid(d7710a1b65db67443a5c7d4189418e08) Importer(815301076,1909f56bfc062723c751e8b465ee728b)
Start importing Assets/UI/SkinPanel.prefab using Guid(d7710a1b65db67443a5c7d4189418e08) Importer(815301076,1909f56bfc062723c751e8b465ee728b)  -> (artifact id: '8d6a461afe4bb17bb675d1595aa205de') in 0.027352 seconds
  Import took 0.029578 seconds .

========================================================================
Received Import Request.
  Time since last request: 9.266687 seconds.
  path: Assets/UI/SkinPanel.prefab
  artifactKey: Guid(d7710a1b65db67443a5c7d4189418e08) Importer(815301076,1909f56bfc062723c751e8b465ee728b)
Start importing Assets/UI/SkinPanel.prefab using Guid(d7710a1b65db67443a5c7d4189418e08) Importer(815301076,1909f56bfc062723c751e8b465ee728b)  -> (artifact id: '7e7ae09d0b5e83e1291e0f1b53d6fe36') in 0.022735 seconds
  Import took 0.024796 seconds .

========================================================================
Received Import Request.
  Time since last request: 2.194287 seconds.
  path: Assets/UI/SkinPanel.prefab
  artifactKey: Guid(d7710a1b65db67443a5c7d4189418e08) Importer(815301076,1909f56bfc062723c751e8b465ee728b)
Start importing Assets/UI/SkinPanel.prefab using Guid(d7710a1b65db67443a5c7d4189418e08) Importer(815301076,1909f56bfc062723c751e8b465ee728b)  -> (artifact id: 'e2ea600adccb3b312a6f6a27a526c5f9') in 0.024044 seconds
  Import took 0.026668 seconds .

========================================================================
Received Import Request.
  Time since last request: 5.617046 seconds.
  path: Assets/UI/SkinPanel.prefab
  artifactKey: Guid(d7710a1b65db67443a5c7d4189418e08) Importer(815301076,1909f56bfc062723c751e8b465ee728b)
Start importing Assets/UI/SkinPanel.prefab using Guid(d7710a1b65db67443a5c7d4189418e08) Importer(815301076,1909f56bfc062723c751e8b465ee728b)  -> (artifact id: '147cb004c8134ae21d280efa300dd576') in 0.024944 seconds
  Import took 0.026984 seconds .

========================================================================
Received Import Request.
  Time since last request: 128.832888 seconds.
  path: Assets/Images/modello3.PNG
  artifactKey: Guid(fcb91421c0cf6454a93871bbc9121953) Importer(815301076,1909f56bfc062723c751e8b465ee728b)
Start importing Assets/Images/modello3.PNG using Guid(fcb91421c0cf6454a93871bbc9121953) Importer(815301076,1909f56bfc062723c751e8b465ee728b)  -> (artifact id: '8cd06cf4331373bf7a6450eac4fe0bd5') in 0.019464 seconds
  Import took 0.021865 seconds .

========================================================================
Received Import Request.
  Time since last request: 6.273378 seconds.
  path: Assets/Images/modello3.PNG
  artifactKey: Guid(fcb91421c0cf6454a93871bbc9121953) Importer(815301076,1909f56bfc062723c751e8b465ee728b)
Start importing Assets/Images/modello3.PNG using Guid(fcb91421c0cf6454a93871bbc9121953) Importer(815301076,1909f56bfc062723c751e8b465ee728b)  -> (artifact id: 'b4c2c3cf51727e095872bd7143226872') in 0.026872 seconds
  Import took 0.029082 seconds .

========================================================================
Received Import Request.
  Time since last request: 0.000371 seconds.
  path: Assets/Images/modello3.PNG
  artifactKey: Guid(fcb91421c0cf6454a93871bbc9121953) Importer(815301076,1909f56bfc062723c751e8b465ee728b)
Start importing Assets/Images/modello3.PNG using Guid(fcb91421c0cf6454a93871bbc9121953) Importer(815301076,1909f56bfc062723c751e8b465ee728b)  -> (artifact id: 'b4c2c3cf51727e095872bd7143226872') in 0.017888 seconds
  Import took 0.019889 seconds .

========================================================================
Received Import Request.
  Time since last request: 148.442104 seconds.
  path: Assets/Scenes/01.Game.unity
  artifactKey: Guid(efdbc93af2c582f4b9c98dc41184a9d5) Importer(815301076,1909f56bfc062723c751e8b465ee728b)
Start importing Assets/Scenes/01.Game.unity using Guid(efdbc93af2c582f4b9c98dc41184a9d5) Importer(815301076,1909f56bfc062723c751e8b465ee728b)  -> (artifact id: '9574aa27a8eb9b56c55f29d38e5dde41') in 0.006704 seconds
  Import took 0.008842 seconds .

========================================================================
Received Import Request.
  Time since last request: 0.006112 seconds.
  path: Assets/Scenes/01.Game.unity
  artifactKey: Guid(efdbc93af2c582f4b9c98dc41184a9d5) Importer(815301076,1909f56bfc062723c751e8b465ee728b)
Start importing Assets/Scenes/01.Game.unity using Guid(efdbc93af2c582f4b9c98dc41184a9d5) Importer(815301076,1909f56bfc062723c751e8b465ee728b)  -> (artifact id: '9574aa27a8eb9b56c55f29d38e5dde41') in 0.003679 seconds
  Import took 0.005885 seconds .

========================================================================
Received Prepare
Registering precompiled user dll's ...
Registered in 0.000709 seconds.
Begin MonoManager ReloadAssembly
Native extension for WindowsStandalone target not found
Refreshing native plugins compatible for Editor in 0.21 ms, found 0 plugins.
Preloading 0 native plugins for Editor in 0.00 ms.
Invoked RoslynAnalysisRunner static constructor.
RoslynAnalysisRunner will not be running.
RoslynAnalysisRunner has terminated.
Mono: successfully reloaded assembly
- Completed reload, in  0.772 seconds
Platform modules already initialized, skipping
Refreshing native plugins compatible for Editor in 0.21 ms, found 0 plugins.
Preloading 0 native plugins for Editor in 0.00 ms.
Unloading 1146 Unused Serialized files (Serialized files now loaded: 0)
System memory in use before: 62.5 MB.
System memory in use after: 62.6 MB.

Unloading 8 unused Assets to reduce memory usage. Loaded Objects now: 1723.
Total: 1.714300 ms (FindLiveObjects: 0.141900 ms CreateObjectMapping: 0.043600 ms MarkObjects: 1.456900 ms  DeleteObjects: 0.071000 ms)

========================================================================
Received Prepare
Registering precompiled user dll's ...
Registered in 0.000763 seconds.
Begin MonoManager ReloadAssembly
Native extension for WindowsStandalone target not found
Refreshing native plugins compatible for Editor in 0.21 ms, found 0 plugins.
Preloading 0 native plugins for Editor in 0.00 ms.
Invoked RoslynAnalysisRunner static constructor.
RoslynAnalysisRunner will not be running.
RoslynAnalysisRunner has terminated.
Mono: successfully reloaded assembly
- Completed reload, in  0.760 seconds
Platform modules already initialized, skipping
Refreshing native plugins compatible for Editor in 0.22 ms, found 0 plugins.
Preloading 0 native plugins for Editor in 0.00 ms.
Unloading 1146 Unused Serialized files (Serialized files now loaded: 0)
System memory in use before: 62.5 MB.
System memory in use after: 62.6 MB.

Unloading 5 unused Assets to reduce memory usage. Loaded Objects now: 1726.
Total: 1.835200 ms (FindLiveObjects: 0.160500 ms CreateObjectMapping: 0.046000 ms MarkObjects: 1.574700 ms  DeleteObjects: 0.052700 ms)

========================================================================
Received Prepare
Registering precompiled user dll's ...
Registered in 0.000769 seconds.
Begin MonoManager ReloadAssembly
Native extension for WindowsStandalone target not found
Refreshing native plugins compatible for Editor in 0.22 ms, found 0 plugins.
Preloading 0 native plugins for Editor in 0.00 ms.
Invoked RoslynAnalysisRunner static constructor.
RoslynAnalysisRunner will not be running.
RoslynAnalysisRunner has terminated.
Mono: successfully reloaded assembly
- Completed reload, in  0.765 seconds
Platform modules already initialized, skipping
Refreshing native plugins compatible for Editor in 0.21 ms, found 0 plugins.
Preloading 0 native plugins for Editor in 0.00 ms.
Unloading 1146 Unused Serialized files (Serialized files now loaded: 0)
System memory in use before: 62.5 MB.
System memory in use after: 62.6 MB.

Unloading 5 unused Assets to reduce memory usage. Loaded Objects now: 1729.
Total: 1.738900 ms (FindLiveObjects: 0.158300 ms CreateObjectMapping: 0.038700 ms MarkObjects: 1.487700 ms  DeleteObjects: 0.053200 ms)

========================================================================
Received Prepare
Registering precompiled user dll's ...
Registered in 0.000726 seconds.
Begin MonoManager ReloadAssembly
Native extension for WindowsStandalone target not found
Refreshing native plugins compatible for Editor in 0.21 ms, found 0 plugins.
Preloading 0 native plugins for Editor in 0.00 ms.
Invoked RoslynAnalysisRunner static constructor.
RoslynAnalysisRunner will not be running.
RoslynAnalysisRunner has terminated.
Mono: successfully reloaded assembly
- Completed reload, in  0.743 seconds
Platform modules already initialized, skipping
Refreshing native plugins compatible for Editor in 0.21 ms, found 0 plugins.
Preloading 0 native plugins for Editor in 0.00 ms.
Unloading 1146 Unused Serialized files (Serialized files now loaded: 0)
System memory in use before: 62.5 MB.
System memory in use after: 62.6 MB.

Unloading 5 unused Assets to reduce memory usage. Loaded Objects now: 1732.
Total: 1.928700 ms (FindLiveObjects: 0.231400 ms CreateObjectMapping: 0.054100 ms MarkObjects: 1.587100 ms  DeleteObjects: 0.054900 ms)

========================================================================
Received Import Request.
  Time since last request: 274.723730 seconds.
  path: Assets/Scenes/00.SkinShop.unity
  artifactKey: Guid(d35fa824d58a0384599381a1a444a43a) Importer(815301076,1909f56bfc062723c751e8b465ee728b)
Start importing Assets/Scenes/00.SkinShop.unity using Guid(d35fa824d58a0384599381a1a444a43a) Importer(815301076,1909f56bfc062723c751e8b465ee728b)  -> (artifact id: 'f20d1cf34b99e12abaaab2df5ebcd5d7') in 0.015485 seconds
  Import took 0.017382 seconds .

========================================================================
Received Prepare
Registering precompiled user dll's ...
Registered in 0.000725 seconds.
Begin MonoManager ReloadAssembly
Native extension for WindowsStandalone target not found
Refreshing native plugins compatible for Editor in 0.23 ms, found 0 plugins.
Preloading 0 native plugins for Editor in 0.00 ms.
Invoked RoslynAnalysisRunner static constructor.
RoslynAnalysisRunner will not be running.
RoslynAnalysisRunner has terminated.
Mono: successfully reloaded assembly
- Completed reload, in  0.835 seconds
Platform modules already initialized, skipping
Refreshing native plugins compatible for Editor in 0.26 ms, found 0 plugins.
Preloading 0 native plugins for Editor in 0.00 ms.
Unloading 1146 Unused Serialized files (Serialized files now loaded: 0)
System memory in use before: 62.6 MB.
System memory in use after: 62.6 MB.

Unloading 5 unused Assets to reduce memory usage. Loaded Objects now: 1735.
Total: 2.058500 ms (FindLiveObjects: 0.146500 ms CreateObjectMapping: 0.036000 ms MarkObjects: 1.822700 ms  DeleteObjects: 0.051700 ms)

AssetImportWorkerClient::OnTransportError - code=2 error=End of file
