Using pre-set license
Built from '2020.3/staging' branch; Version is '2020.3.0f1 (c7b5465681fb) revision 13088070'; Using compiler version '192528614'; Build Type 'Release'
OS: 'Windows 10 Pro; OS build 19041.867; Version 2004; 64bit' Language: 'it' Physical Memory: 16326 MB
BatchMode: 1, IsHumanControllingUs: 0, StartBugReporterOnCrash: 0, Is64bit: 1, IsPro: 0

 COMMAND LINE ARGUMENTS:
C:\Program Files\2020.3.0f1\Editor\Unity.exe
-adb2
-batchMode
-noUpm
-name
AssetImportWorker0
-projectPath
C:/Users/Morini/3D Skin Shop Tutorial
-logFile
Logs/AssetImportWorker0.log
-srvPort
56251
Successfully changed project path to: C:/Users/Morini/3D Skin Shop Tutorial
C:/Users/Morini/3D Skin Shop Tutorial
Using Asset Import Pipeline V2.
Refreshing native plugins compatible for Editor in 21.23 ms, found 0 plugins.
Preloading 0 native plugins for Editor in 0.00 ms.
Initialize engine version: 2020.3.0f1 (c7b5465681fb)
[Subsystems] Discovering subsystems at path C:/Program Files/2020.3.0f1/Editor/Data/Resources/UnitySubsystems
[Subsystems] Discovering subsystems at path C:/Users/Morini/3D Skin Shop Tutorial/Assets
GfxDevice: creating device client; threaded=0
Direct3D:
    Version:  Direct3D 11.0 [level 11.1]
    Renderer: NVIDIA GeForce GTX 1050 Ti (ID=0x1c82)
    Vendor:   
    VRAM:     4018 MB
    Driver:   27.21.14.5671
Initialize mono
Mono path[0] = 'C:/Program Files/2020.3.0f1/Editor/Data/Managed'
Mono path[1] = 'C:/Program Files/2020.3.0f1/Editor/Data/MonoBleedingEdge/lib/mono/unityjit'
Mono config path = 'C:/Program Files/2020.3.0f1/Editor/Data/MonoBleedingEdge/etc'
Using monoOptions --debugger-agent=transport=dt_socket,embedding=1,server=y,suspend=n,address=127.0.0.1:56788
Begin MonoManager ReloadAssembly
Registering precompiled unity dll's ...
Register platform support module: C:/Program Files/2020.3.0f1/Editor/Data/PlaybackEngines/WindowsStandaloneSupport/UnityEditor.WindowsStandalone.Extensions.dll
Registered in 0.002024 seconds.
Native extension for WindowsStandalone target not found
Refreshing native plugins compatible for Editor in 21.57 ms, found 0 plugins.
Preloading 0 native plugins for Editor in 0.00 ms.
Invoked RoslynAnalysisRunner static constructor.
RoslynAnalysisRunner will not be running.
RoslynAnalysisRunner has terminated.
Mono: successfully reloaded assembly
- Completed reload, in  0.952 seconds
Platform modules already initialized, skipping
Registering precompiled user dll's ...
Registered in 0.000645 seconds.
Begin MonoManager ReloadAssembly
Native extension for WindowsStandalone target not found
Refreshing native plugins compatible for Editor in 0.19 ms, found 0 plugins.
Preloading 0 native plugins for Editor in 0.00 ms.
Invoked RoslynAnalysisRunner static constructor.
RoslynAnalysisRunner will not be running.
RoslynAnalysisRunner has terminated.
Mono: successfully reloaded assembly
- Completed reload, in  0.752 seconds
Platform modules already initialized, skipping
========================================================================
Worker process is ready to serve import requests
Launched and connected shader compiler UnityShaderCompiler.exe after 0.04 seconds
Refreshing native plugins compatible for Editor in 0.21 ms, found 0 plugins.
Preloading 0 native plugins for Editor in 0.00 ms.
Unloading 1113 Unused Serialized files (Serialized files now loaded: 0)
System memory in use before: 56.9 MB.
System memory in use after: 56.9 MB.

Unloading 10 unused Assets to reduce memory usage. Loaded Objects now: 1555.
Total: 1.570200 ms (FindLiveObjects: 0.137000 ms CreateObjectMapping: 0.038000 ms MarkObjects: 1.321500 ms  DeleteObjects: 0.072700 ms)

========================================================================
Received Import Request.
  path: Assets/Scenes
  artifactKey: Guid(be3abdd2d56c2414e88c38c928431417) Importer(815301076,1909f56bfc062723c751e8b465ee728b)
Start importing Assets/Scenes using Guid(be3abdd2d56c2414e88c38c928431417) Importer(815301076,1909f56bfc062723c751e8b465ee728b)  -> (artifact id: '6b8e9b3830cf68574aa950cbadd66c44') in 0.008151 seconds
  Import took 0.009896 seconds .

========================================================================
Received Import Request.
  Time since last request: 0.000252 seconds.
  path: Assets/Scenes/SampleScene.unity
  artifactKey: Guid(9fc0d4010bbf28b4594072e72b8655ab) Importer(815301076,1909f56bfc062723c751e8b465ee728b)
Start importing Assets/Scenes/SampleScene.unity using Guid(9fc0d4010bbf28b4594072e72b8655ab) Importer(815301076,1909f56bfc062723c751e8b465ee728b)  -> (artifact id: '63dd774c3e69a90552e495f9f805df62') in 0.014379 seconds
  Import took 0.016095 seconds .

========================================================================
Received Import Request.
  Time since last request: 5.592620 seconds.
  path: Assets/Scenes/00.Level.unity
  artifactKey: Guid(9fc0d4010bbf28b4594072e72b8655ab) Importer(815301076,1909f56bfc062723c751e8b465ee728b)
Start importing Assets/Scenes/00.Level.unity using Guid(9fc0d4010bbf28b4594072e72b8655ab) Importer(815301076,1909f56bfc062723c751e8b465ee728b)  -> (artifact id: '3cbde575833d74b6ca0e29d36370de7d') in 0.008457 seconds
  Import took 0.010735 seconds .

========================================================================
Received Prepare
Registering precompiled user dll's ...
Registered in 0.000633 seconds.
Begin MonoManager ReloadAssembly
Native extension for WindowsStandalone target not found
Refreshing native plugins compatible for Editor in 0.20 ms, found 0 plugins.
Preloading 0 native plugins for Editor in 0.00 ms.
Invoked RoslynAnalysisRunner static constructor.
RoslynAnalysisRunner will not be running.
RoslynAnalysisRunner has terminated.
Mono: successfully reloaded assembly
- Completed reload, in  0.707 seconds
Platform modules already initialized, skipping
Refreshing native plugins compatible for Editor in 0.19 ms, found 0 plugins.
Preloading 0 native plugins for Editor in 0.00 ms.
Unloading 1109 Unused Serialized files (Serialized files now loaded: 0)
System memory in use before: 56.9 MB.
System memory in use after: 56.9 MB.

Unloading 5 unused Assets to reduce memory usage. Loaded Objects now: 1559.
Total: 1.589000 ms (FindLiveObjects: 0.131100 ms CreateObjectMapping: 0.038300 ms MarkObjects: 1.373100 ms  DeleteObjects: 0.045500 ms)

========================================================================
Received Prepare
Registering precompiled user dll's ...
Registered in 0.000690 seconds.
Begin MonoManager ReloadAssembly
Native extension for WindowsStandalone target not found
Refreshing native plugins compatible for Editor in 0.20 ms, found 0 plugins.
Preloading 0 native plugins for Editor in 0.00 ms.
Invoked RoslynAnalysisRunner static constructor.
RoslynAnalysisRunner will not be running.
RoslynAnalysisRunner has terminated.
Mono: successfully reloaded assembly
- Completed reload, in  0.723 seconds
Platform modules already initialized, skipping
Refreshing native plugins compatible for Editor in 0.23 ms, found 0 plugins.
Preloading 0 native plugins for Editor in 0.00 ms.
Unloading 1109 Unused Serialized files (Serialized files now loaded: 0)
System memory in use before: 56.9 MB.
System memory in use after: 57.0 MB.

Unloading 5 unused Assets to reduce memory usage. Loaded Objects now: 1562.
Total: 1.461900 ms (FindLiveObjects: 0.135400 ms CreateObjectMapping: 0.041800 ms MarkObjects: 1.238600 ms  DeleteObjects: 0.044900 ms)

========================================================================
Received Prepare
Registering precompiled user dll's ...
Registered in 0.000653 seconds.
Begin MonoManager ReloadAssembly
Native extension for WindowsStandalone target not found
Refreshing native plugins compatible for Editor in 0.19 ms, found 0 plugins.
Preloading 0 native plugins for Editor in 0.00 ms.
Invoked RoslynAnalysisRunner static constructor.
RoslynAnalysisRunner will not be running.
RoslynAnalysisRunner has terminated.
Mono: successfully reloaded assembly
- Completed reload, in  0.724 seconds
Platform modules already initialized, skipping
Refreshing native plugins compatible for Editor in 0.20 ms, found 0 plugins.
Preloading 0 native plugins for Editor in 0.00 ms.
Unloading 1109 Unused Serialized files (Serialized files now loaded: 0)
System memory in use before: 56.9 MB.
System memory in use after: 57.0 MB.

Unloading 5 unused Assets to reduce memory usage. Loaded Objects now: 1565.
Total: 1.383700 ms (FindLiveObjects: 0.118500 ms CreateObjectMapping: 0.028100 ms MarkObjects: 1.194400 ms  DeleteObjects: 0.041500 ms)

========================================================================
Received Prepare
Registering precompiled user dll's ...
Registered in 0.000582 seconds.
Begin MonoManager ReloadAssembly
Native extension for WindowsStandalone target not found
Refreshing native plugins compatible for Editor in 0.19 ms, found 0 plugins.
Preloading 0 native plugins for Editor in 0.00 ms.
Invoked RoslynAnalysisRunner static constructor.
RoslynAnalysisRunner will not be running.
RoslynAnalysisRunner has terminated.
Mono: successfully reloaded assembly
- Completed reload, in  0.690 seconds
Platform modules already initialized, skipping
Refreshing native plugins compatible for Editor in 0.20 ms, found 0 plugins.
Preloading 0 native plugins for Editor in 0.00 ms.
Unloading 1109 Unused Serialized files (Serialized files now loaded: 0)
System memory in use before: 56.9 MB.
System memory in use after: 57.0 MB.

Unloading 5 unused Assets to reduce memory usage. Loaded Objects now: 1568.
Total: 1.722000 ms (FindLiveObjects: 0.163100 ms CreateObjectMapping: 0.048600 ms MarkObjects: 1.440600 ms  DeleteObjects: 0.068700 ms)

========================================================================
Received Prepare
Registering precompiled user dll's ...
Registered in 0.000629 seconds.
Begin MonoManager ReloadAssembly
Native extension for WindowsStandalone target not found
Refreshing native plugins compatible for Editor in 0.20 ms, found 0 plugins.
Preloading 0 native plugins for Editor in 0.00 ms.
Invoked RoslynAnalysisRunner static constructor.
RoslynAnalysisRunner will not be running.
RoslynAnalysisRunner has terminated.
Mono: successfully reloaded assembly
- Completed reload, in  0.717 seconds
Platform modules already initialized, skipping
Refreshing native plugins compatible for Editor in 0.18 ms, found 0 plugins.
Preloading 0 native plugins for Editor in 0.00 ms.
Unloading 1109 Unused Serialized files (Serialized files now loaded: 0)
System memory in use before: 56.9 MB.
System memory in use after: 57.0 MB.

Unloading 5 unused Assets to reduce memory usage. Loaded Objects now: 1571.
Total: 1.871900 ms (FindLiveObjects: 0.150100 ms CreateObjectMapping: 0.062500 ms MarkObjects: 1.603300 ms  DeleteObjects: 0.054700 ms)

========================================================================
Received Prepare
Registering precompiled user dll's ...
Registered in 0.000618 seconds.
Begin MonoManager ReloadAssembly
Native extension for WindowsStandalone target not found
Refreshing native plugins compatible for Editor in 0.20 ms, found 0 plugins.
Preloading 0 native plugins for Editor in 0.00 ms.
Invoked RoslynAnalysisRunner static constructor.
RoslynAnalysisRunner will not be running.
RoslynAnalysisRunner has terminated.
Mono: successfully reloaded assembly
- Completed reload, in  0.691 seconds
Platform modules already initialized, skipping
Refreshing native plugins compatible for Editor in 0.19 ms, found 0 plugins.
Preloading 0 native plugins for Editor in 0.00 ms.
Unloading 1109 Unused Serialized files (Serialized files now loaded: 0)
System memory in use before: 56.9 MB.
System memory in use after: 57.0 MB.

Unloading 5 unused Assets to reduce memory usage. Loaded Objects now: 1574.
Total: 1.595500 ms (FindLiveObjects: 0.204000 ms CreateObjectMapping: 0.038600 ms MarkObjects: 1.312100 ms  DeleteObjects: 0.040100 ms)

========================================================================
Received Prepare
Registering precompiled user dll's ...
Registered in 0.000616 seconds.
Begin MonoManager ReloadAssembly
Native extension for WindowsStandalone target not found
Refreshing native plugins compatible for Editor in 0.21 ms, found 0 plugins.
Preloading 0 native plugins for Editor in 0.00 ms.
Invoked RoslynAnalysisRunner static constructor.
RoslynAnalysisRunner will not be running.
RoslynAnalysisRunner has terminated.
Mono: successfully reloaded assembly
- Completed reload, in  0.692 seconds
Platform modules already initialized, skipping
Refreshing native plugins compatible for Editor in 0.19 ms, found 0 plugins.
Preloading 0 native plugins for Editor in 0.00 ms.
Unloading 1109 Unused Serialized files (Serialized files now loaded: 0)
System memory in use before: 56.9 MB.
System memory in use after: 57.0 MB.

Unloading 5 unused Assets to reduce memory usage. Loaded Objects now: 1577.
Total: 1.482900 ms (FindLiveObjects: 0.110500 ms CreateObjectMapping: 0.035400 ms MarkObjects: 1.295400 ms  DeleteObjects: 0.040700 ms)

========================================================================
Received Import Request.
  Time since last request: 478.833668 seconds.
  path: Assets/Player.prefab
  artifactKey: Guid(c399400fca5770840822328b7f51ebbe) Importer(815301076,1909f56bfc062723c751e8b465ee728b)
Start importing Assets/Player.prefab using Guid(c399400fca5770840822328b7f51ebbe) Importer(815301076,1909f56bfc062723c751e8b465ee728b)  -> (artifact id: '47880c7b192b84d307f7933ca1e0c0f2') in 0.112613 seconds
  Import took 0.114496 seconds .

========================================================================
Received Import Request.
  Time since last request: 10.064618 seconds.
  path: Assets/DefaultPlayer.prefab
  artifactKey: Guid(c399400fca5770840822328b7f51ebbe) Importer(815301076,1909f56bfc062723c751e8b465ee728b)
Start importing Assets/DefaultPlayer.prefab using Guid(c399400fca5770840822328b7f51ebbe) Importer(815301076,1909f56bfc062723c751e8b465ee728b)  -> (artifact id: '8ef3efa834ed83c3a904b1a1c7d468c4') in 0.018497 seconds
  Import took 0.020783 seconds .

========================================================================
Received Import Request.
  Time since last request: 3.257880 seconds.
  path: Assets
  artifactKey: Guid(00000000000000001000000000000000) Importer(815301076,1909f56bfc062723c751e8b465ee728b)
Start importing Assets using Guid(00000000000000001000000000000000) Importer(815301076,1909f56bfc062723c751e8b465ee728b)  -> (artifact id: '42baae205c97e3337697759514652acd') in 0.007022 seconds
  Import took 0.008745 seconds .

========================================================================
Received Import Request.
  Time since last request: 3.711403 seconds.
  path: Assets/Red.mat
  artifactKey: Guid(be74e1ae1580c5e489ab2720f4223b33) Importer(815301076,1909f56bfc062723c751e8b465ee728b)
Start importing Assets/Red.mat using Guid(be74e1ae1580c5e489ab2720f4223b33) Importer(815301076,1909f56bfc062723c751e8b465ee728b)  -> (artifact id: '1854416e1f0b3b1f1431c58cd7842197') in 0.035283 seconds
  Import took 0.037284 seconds .

========================================================================
Received Import Request.
  Time since last request: 3.562290 seconds.
  path: Assets/Red.mat
  artifactKey: Guid(be74e1ae1580c5e489ab2720f4223b33) Importer(815301076,1909f56bfc062723c751e8b465ee728b)
Start importing Assets/Red.mat using Guid(be74e1ae1580c5e489ab2720f4223b33) Importer(815301076,1909f56bfc062723c751e8b465ee728b)  -> (artifact id: '11d0c490a490927ad062344e0081c861') in 0.016434 seconds
  Import took 0.018596 seconds .

========================================================================
Received Import Request.
  Time since last request: 79.824262 seconds.
  path: Assets/White.mat
  artifactKey: Guid(b22c9aac4bf0b424dafaa9315ba6076d) Importer(815301076,1909f56bfc062723c751e8b465ee728b)
Start importing Assets/White.mat using Guid(b22c9aac4bf0b424dafaa9315ba6076d) Importer(815301076,1909f56bfc062723c751e8b465ee728b)  -> (artifact id: '04f0d6c2945c758badf3705efa334158') in 0.015873 seconds
  Import took 0.017727 seconds .

========================================================================
Received Import Request.
  Time since last request: 12.421019 seconds.
  path: Assets/PlayerModel.prefab
  artifactKey: Guid(17159311687610f41b872c46ac12683a) Importer(815301076,1909f56bfc062723c751e8b465ee728b)
Start importing Assets/PlayerModel.prefab using Guid(17159311687610f41b872c46ac12683a) Importer(815301076,1909f56bfc062723c751e8b465ee728b)  -> (artifact id: 'bc6225e1028bf072adae92125575fffd') in 0.019036 seconds
  Import took 0.021102 seconds .

========================================================================
Received Import Request.
  Time since last request: 0.005157 seconds.
  path: Assets/PlayerModel.prefab
  artifactKey: Guid(17159311687610f41b872c46ac12683a) Importer(815301076,1909f56bfc062723c751e8b465ee728b)
Start importing Assets/PlayerModel.prefab using Guid(17159311687610f41b872c46ac12683a) Importer(815301076,1909f56bfc062723c751e8b465ee728b)  -> (artifact id: 'bc6225e1028bf072adae92125575fffd') in 0.008219 seconds
  Import took 0.010409 seconds .

========================================================================
Received Import Request.
  Time since last request: 5.424520 seconds.
  path: Assets/Default Skin.prefab
  artifactKey: Guid(17159311687610f41b872c46ac12683a) Importer(815301076,1909f56bfc062723c751e8b465ee728b)
Start importing Assets/Default Skin.prefab using Guid(17159311687610f41b872c46ac12683a) Importer(815301076,1909f56bfc062723c751e8b465ee728b)  -> (artifact id: '87aa71c007ebccaa7a65cc5ba7955f6e') in 0.013174 seconds
  Import took 0.015072 seconds .

========================================================================
Received Import Request.
  Time since last request: 0.003021 seconds.
  path: Assets/Default Skin.prefab
  artifactKey: Guid(17159311687610f41b872c46ac12683a) Importer(815301076,1909f56bfc062723c751e8b465ee728b)
Start importing Assets/Default Skin.prefab using Guid(17159311687610f41b872c46ac12683a) Importer(815301076,1909f56bfc062723c751e8b465ee728b)  -> (artifact id: '87aa71c007ebccaa7a65cc5ba7955f6e') in 0.008070 seconds
  Import took 0.009927 seconds .

========================================================================
Received Import Request.
  Time since last request: 281.366559 seconds.
  path: Assets/PlayerModel Variant.prefab
  artifactKey: Guid(d140788cdce8c5643b6934eb0c1a8cd0) Importer(815301076,1909f56bfc062723c751e8b465ee728b)
Start importing Assets/PlayerModel Variant.prefab using Guid(d140788cdce8c5643b6934eb0c1a8cd0) Importer(815301076,1909f56bfc062723c751e8b465ee728b)  -> (artifact id: '8561ffc00cca012fd06d3d889e79cdc7') in 0.051587 seconds
  Import took 0.053718 seconds .

========================================================================
Received Prepare
Registering precompiled user dll's ...
Registered in 0.000654 seconds.
Begin MonoManager ReloadAssembly
Native extension for WindowsStandalone target not found
Refreshing native plugins compatible for Editor in 0.20 ms, found 0 plugins.
Preloading 0 native plugins for Editor in 0.00 ms.
Invoked RoslynAnalysisRunner static constructor.
RoslynAnalysisRunner will not be running.
RoslynAnalysisRunner has terminated.
Mono: successfully reloaded assembly
- Completed reload, in  0.716 seconds
Platform modules already initialized, skipping
Refreshing native plugins compatible for Editor in 0.19 ms, found 0 plugins.
Preloading 0 native plugins for Editor in 0.00 ms.
Unloading 1110 Unused Serialized files (Serialized files now loaded: 0)
System memory in use before: 60.4 MB.
System memory in use after: 60.5 MB.

Unloading 6 unused Assets to reduce memory usage. Loaded Objects now: 1623.
Total: 1.444500 ms (FindLiveObjects: 0.124100 ms CreateObjectMapping: 0.031600 ms MarkObjects: 1.245500 ms  DeleteObjects: 0.042500 ms)

========================================================================
Received Prepare
Registering precompiled user dll's ...
Registered in 0.000644 seconds.
Begin MonoManager ReloadAssembly
Native extension for WindowsStandalone target not found
Refreshing native plugins compatible for Editor in 0.20 ms, found 0 plugins.
Preloading 0 native plugins for Editor in 0.00 ms.
Invoked RoslynAnalysisRunner static constructor.
RoslynAnalysisRunner will not be running.
RoslynAnalysisRunner has terminated.
Mono: successfully reloaded assembly
- Completed reload, in  0.710 seconds
Platform modules already initialized, skipping
Refreshing native plugins compatible for Editor in 0.19 ms, found 0 plugins.
Preloading 0 native plugins for Editor in 0.00 ms.
Unloading 1110 Unused Serialized files (Serialized files now loaded: 0)
System memory in use before: 60.4 MB.
System memory in use after: 60.5 MB.

Unloading 5 unused Assets to reduce memory usage. Loaded Objects now: 1626.
Total: 1.681800 ms (FindLiveObjects: 0.197800 ms CreateObjectMapping: 0.043800 ms MarkObjects: 1.397700 ms  DeleteObjects: 0.041700 ms)

========================================================================
Received Prepare
Registering precompiled user dll's ...
Registered in 0.000633 seconds.
Begin MonoManager ReloadAssembly
Native extension for WindowsStandalone target not found
Refreshing native plugins compatible for Editor in 0.20 ms, found 0 plugins.
Preloading 0 native plugins for Editor in 0.00 ms.
Invoked RoslynAnalysisRunner static constructor.
RoslynAnalysisRunner will not be running.
RoslynAnalysisRunner has terminated.
Mono: successfully reloaded assembly
- Completed reload, in  0.694 seconds
Platform modules already initialized, skipping
Refreshing native plugins compatible for Editor in 0.20 ms, found 0 plugins.
Preloading 0 native plugins for Editor in 0.00 ms.
Unloading 1110 Unused Serialized files (Serialized files now loaded: 0)
System memory in use before: 60.4 MB.
System memory in use after: 60.5 MB.

Unloading 5 unused Assets to reduce memory usage. Loaded Objects now: 1629.
Total: 1.612600 ms (FindLiveObjects: 0.134200 ms CreateObjectMapping: 0.034400 ms MarkObjects: 1.393400 ms  DeleteObjects: 0.049700 ms)

========================================================================
Received Prepare
Registering precompiled user dll's ...
Registered in 0.000583 seconds.
Begin MonoManager ReloadAssembly
Native extension for WindowsStandalone target not found
Refreshing native plugins compatible for Editor in 0.19 ms, found 0 plugins.
Preloading 0 native plugins for Editor in 0.00 ms.
Invoked RoslynAnalysisRunner static constructor.
RoslynAnalysisRunner will not be running.
RoslynAnalysisRunner has terminated.
Mono: successfully reloaded assembly
- Completed reload, in  0.687 seconds
Platform modules already initialized, skipping
Refreshing native plugins compatible for Editor in 0.19 ms, found 0 plugins.
Preloading 0 native plugins for Editor in 0.00 ms.
Unloading 1110 Unused Serialized files (Serialized files now loaded: 0)
System memory in use before: 60.5 MB.
System memory in use after: 60.5 MB.

Unloading 5 unused Assets to reduce memory usage. Loaded Objects now: 1632.
Total: 1.492200 ms (FindLiveObjects: 0.128600 ms CreateObjectMapping: 0.036300 ms MarkObjects: 1.284200 ms  DeleteObjects: 0.042200 ms)

========================================================================
Received Import Request.
  Time since last request: 384.158002 seconds.
  path: Assets/Scenes/00.Level.unity
  artifactKey: Guid(9fc0d4010bbf28b4594072e72b8655ab) Importer(815301076,1909f56bfc062723c751e8b465ee728b)
Start importing Assets/Scenes/00.Level.unity using Guid(9fc0d4010bbf28b4594072e72b8655ab) Importer(815301076,1909f56bfc062723c751e8b465ee728b)  -> (artifact id: 'c13d498bf44603f233dbe5ea2dc9d562') in 0.014761 seconds
  Import took 0.016836 seconds .

========================================================================
Received Import Request.
  Time since last request: 3.326322 seconds.
  path: Assets/Scenes/01.Level.unity
  artifactKey: Guid(9fc0d4010bbf28b4594072e72b8655ab) Importer(815301076,1909f56bfc062723c751e8b465ee728b)
Start importing Assets/Scenes/01.Level.unity using Guid(9fc0d4010bbf28b4594072e72b8655ab) Importer(815301076,1909f56bfc062723c751e8b465ee728b)  -> (artifact id: '511cb75cade70d00f94edab9aa449a9e') in 0.008458 seconds
  Import took 0.010467 seconds .

========================================================================
Received Import Request.
  Time since last request: 0.000673 seconds.
  path: Assets/Scenes/01.Level.unity
  artifactKey: Guid(9fc0d4010bbf28b4594072e72b8655ab) Importer(815301076,1909f56bfc062723c751e8b465ee728b)
Start importing Assets/Scenes/01.Level.unity using Guid(9fc0d4010bbf28b4594072e72b8655ab) Importer(815301076,1909f56bfc062723c751e8b465ee728b)  -> (artifact id: '511cb75cade70d00f94edab9aa449a9e') in 0.003975 seconds
  Import took 0.005762 seconds .

========================================================================
Received Import Request.
  Time since last request: 30.072507 seconds.
  path: Assets/Scenes/00.Skin Shop.unity
  artifactKey: Guid(97647f54334014b4ba367bdcfdda165a) Importer(815301076,1909f56bfc062723c751e8b465ee728b)
Start importing Assets/Scenes/00.Skin Shop.unity using Guid(97647f54334014b4ba367bdcfdda165a) Importer(815301076,1909f56bfc062723c751e8b465ee728b)  -> (artifact id: 'a363f5201fb0c3aeb14013cd72e71551') in 0.007068 seconds
  Import took 0.008968 seconds .

========================================================================
Received Import Request.
  Time since last request: 0.000955 seconds.
  path: Assets/Scenes/00.Skin Shop.unity
  artifactKey: Guid(97647f54334014b4ba367bdcfdda165a) Importer(815301076,1909f56bfc062723c751e8b465ee728b)
Start importing Assets/Scenes/00.Skin Shop.unity using Guid(97647f54334014b4ba367bdcfdda165a) Importer(815301076,1909f56bfc062723c751e8b465ee728b)  -> (artifact id: 'a363f5201fb0c3aeb14013cd72e71551') in 0.002848 seconds
  Import took 0.004641 seconds .

========================================================================
Received Prepare
Registering precompiled user dll's ...
Registered in 0.000671 seconds.
Begin MonoManager ReloadAssembly
Native extension for WindowsStandalone target not found
Refreshing native plugins compatible for Editor in 0.21 ms, found 0 plugins.
Preloading 0 native plugins for Editor in 0.00 ms.
Invoked RoslynAnalysisRunner static constructor.
RoslynAnalysisRunner will not be running.
RoslynAnalysisRunner has terminated.
Mono: successfully reloaded assembly
- Completed reload, in  0.728 seconds
Platform modules already initialized, skipping
Refreshing native plugins compatible for Editor in 0.21 ms, found 0 plugins.
Preloading 0 native plugins for Editor in 0.00 ms.
Unloading 1157 Unused Serialized files (Serialized files now loaded: 0)
System memory in use before: 63.1 MB.
System memory in use after: 62.6 MB.

Unloading 18 unused Assets to reduce memory usage. Loaded Objects now: 1669.
Total: 1.900400 ms (FindLiveObjects: 0.141000 ms CreateObjectMapping: 0.041400 ms MarkObjects: 1.423700 ms  DeleteObjects: 0.293300 ms)

========================================================================
Received Import Request.
  Time since last request: 256.189353 seconds.
  path: Assets/Scenes/01.Level 1.unity
  artifactKey: Guid(2617c5f4b1f5d4643989bc8905bc2395) Importer(815301076,1909f56bfc062723c751e8b465ee728b)
Start importing Assets/Scenes/01.Level 1.unity using Guid(2617c5f4b1f5d4643989bc8905bc2395) Importer(815301076,1909f56bfc062723c751e8b465ee728b)  -> (artifact id: '3c737a623eaafa247583b4d3b099c919') in 0.014226 seconds
  Import took 0.016587 seconds .

========================================================================
Received Import Request.
  Time since last request: 26.526057 seconds.
  path: Assets/Scenes/0.jpg
  artifactKey: Guid(43afd504ac3803d4289c1c34f36b383b) Importer(815301076,1909f56bfc062723c751e8b465ee728b)
Start importing Assets/Scenes/0.jpg using Guid(43afd504ac3803d4289c1c34f36b383b) Importer(815301076,1909f56bfc062723c751e8b465ee728b)  -> (artifact id: 'a437841f1cb625a23b655dc01259d891') in 0.085633 seconds
  Import took 0.087543 seconds .

========================================================================
Received Import Request.
  Time since last request: 8.020052 seconds.
  path: Assets/Scenes/0.jpg
  artifactKey: Guid(43afd504ac3803d4289c1c34f36b383b) Importer(815301076,1909f56bfc062723c751e8b465ee728b)
Start importing Assets/Scenes/0.jpg using Guid(43afd504ac3803d4289c1c34f36b383b) Importer(815301076,1909f56bfc062723c751e8b465ee728b)  -> (artifact id: 'e634d2b954caed335d7a85edd8d6a1c5') in 0.030802 seconds
  Import took 0.032710 seconds .

========================================================================
Received Import Request.
  Time since last request: 267.802178 seconds.
  path: Assets/Scenes/01.Level 1.unity
  artifactKey: Guid(2617c5f4b1f5d4643989bc8905bc2395) Importer(815301076,1909f56bfc062723c751e8b465ee728b)
Start importing Assets/Scenes/01.Level 1.unity using Guid(2617c5f4b1f5d4643989bc8905bc2395) Importer(815301076,1909f56bfc062723c751e8b465ee728b)  -> (artifact id: 'd8c7ada53846fd022096feaf059c6b6f') in 0.006224 seconds
  Import took 0.008305 seconds .

========================================================================
Received Import Request.
  Time since last request: 17.656889 seconds.
  path: Assets/Scenes/00.Skin Shop.unity
  artifactKey: Guid(97647f54334014b4ba367bdcfdda165a) Importer(815301076,1909f56bfc062723c751e8b465ee728b)
Start importing Assets/Scenes/00.Skin Shop.unity using Guid(97647f54334014b4ba367bdcfdda165a) Importer(815301076,1909f56bfc062723c751e8b465ee728b)  -> (artifact id: '9c2353ce96ba188a8e147518800133cf') in 0.006665 seconds
  Import took 0.008725 seconds .

========================================================================
Received Import Request.
  Time since last request: 667.754265 seconds.
  path: Assets/Scenes/00.Skin Shop.unity
  artifactKey: Guid(97647f54334014b4ba367bdcfdda165a) Importer(815301076,1909f56bfc062723c751e8b465ee728b)
Start importing Assets/Scenes/00.Skin Shop.unity using Guid(97647f54334014b4ba367bdcfdda165a) Importer(815301076,1909f56bfc062723c751e8b465ee728b)  -> (artifact id: '1df6226a950c33062ed6511fd9c3b05b') in 0.003901 seconds
  Import took 0.006136 seconds .

========================================================================
Received Import Request.
  Time since last request: 16.196734 seconds.
  path: Assets/Images
  artifactKey: Guid(9930b6019a513da4392ea043e029da47) Importer(815301076,1909f56bfc062723c751e8b465ee728b)
Start importing Assets/Images using Guid(9930b6019a513da4392ea043e029da47) Importer(815301076,1909f56bfc062723c751e8b465ee728b)  -> (artifact id: 'f6d4fb3f30cb7d165d07cc73bff6b997') in 0.006325 seconds
  Import took 0.008154 seconds .

========================================================================
Received Import Request.
  Time since last request: 0.003389 seconds.
  path: Assets/Images
  artifactKey: Guid(9930b6019a513da4392ea043e029da47) Importer(815301076,1909f56bfc062723c751e8b465ee728b)
Start importing Assets/Images using Guid(9930b6019a513da4392ea043e029da47) Importer(815301076,1909f56bfc062723c751e8b465ee728b)  -> (artifact id: 'f6d4fb3f30cb7d165d07cc73bff6b997') in 0.002645 seconds
  Import took 0.004498 seconds .

========================================================================
Received Import Request.
  Time since last request: 4.043150 seconds.
  path: Assets/Scripts
  artifactKey: Guid(cbdb62857d8976d4b83f06af15cc2246) Importer(815301076,1909f56bfc062723c751e8b465ee728b)
Start importing Assets/Scripts using Guid(cbdb62857d8976d4b83f06af15cc2246) Importer(815301076,1909f56bfc062723c751e8b465ee728b)  -> (artifact id: '43d5f628a7fa05e7074137e480319ac3') in 0.006312 seconds
  Import took 0.008117 seconds .

========================================================================
Received Import Request.
  Time since last request: 1.199620 seconds.
  path: Assets/PlayerMovement.cs
  artifactKey: Guid(5493de84900da684d9ea265909ea2e1a) Importer(815301076,1909f56bfc062723c751e8b465ee728b)
Start importing Assets/PlayerMovement.cs using Guid(5493de84900da684d9ea265909ea2e1a) Importer(815301076,1909f56bfc062723c751e8b465ee728b)  -> (artifact id: 'c15392d78592196652f886e0f1312fa9') in 0.016735 seconds
  Import took 0.018684 seconds .

========================================================================
Received Prepare
Registering precompiled user dll's ...
Registered in 0.000753 seconds.
Begin MonoManager ReloadAssembly
Native extension for WindowsStandalone target not found
Refreshing native plugins compatible for Editor in 0.24 ms, found 0 plugins.
Preloading 0 native plugins for Editor in 0.00 ms.
Invoked RoslynAnalysisRunner static constructor.
RoslynAnalysisRunner will not be running.
RoslynAnalysisRunner has terminated.
Mono: successfully reloaded assembly
- Completed reload, in  0.734 seconds
Platform modules already initialized, skipping
Refreshing native plugins compatible for Editor in 0.20 ms, found 0 plugins.
Preloading 0 native plugins for Editor in 0.00 ms.
Unloading 1157 Unused Serialized files (Serialized files now loaded: 0)
System memory in use before: 63.1 MB.
System memory in use after: 62.6 MB.

Unloading 18 unused Assets to reduce memory usage. Loaded Objects now: 1675.
Total: 1.801100 ms (FindLiveObjects: 0.141600 ms CreateObjectMapping: 0.033600 ms MarkObjects: 1.313100 ms  DeleteObjects: 0.312200 ms)

========================================================================
Received Import Request.
  Time since last request: 9.781004 seconds.
  path: Assets/defaultSkin.PNG
  artifactKey: Guid(130010146f33d8e41b49cc3a804d7147) Importer(815301076,1909f56bfc062723c751e8b465ee728b)
Start importing Assets/defaultSkin.PNG using Guid(130010146f33d8e41b49cc3a804d7147) Importer(815301076,1909f56bfc062723c751e8b465ee728b)  -> (artifact id: 'c2f393fea4df1e8cb4aa3d395789ba64') in 0.039664 seconds
  Import took 0.041611 seconds .

========================================================================
Received Import Request.
  Time since last request: 2.908923 seconds.
  path: Assets/redSkin.PNG
  artifactKey: Guid(181852db41d77974c8c933676031e8e9) Importer(815301076,1909f56bfc062723c751e8b465ee728b)
Start importing Assets/redSkin.PNG using Guid(181852db41d77974c8c933676031e8e9) Importer(815301076,1909f56bfc062723c751e8b465ee728b)  -> (artifact id: 'dd26745a24764ef564dafe6d6885b955') in 0.015740 seconds
  Import took 0.017783 seconds .

========================================================================
Received Import Request.
  Time since last request: 6.641652 seconds.
  path: Assets/Models
  artifactKey: Guid(f901e3224c8d37e4b91ebcb97edca496) Importer(815301076,1909f56bfc062723c751e8b465ee728b)
Start importing Assets/Models using Guid(f901e3224c8d37e4b91ebcb97edca496) Importer(815301076,1909f56bfc062723c751e8b465ee728b)  -> (artifact id: '722330b9c04c69d5b39105d24a369b8a') in 0.007644 seconds
  Import took 0.009711 seconds .

========================================================================
Received Import Request.
  Time since last request: 12.257453 seconds.
  path: Assets/Images/defaultSkin.PNG
  artifactKey: Guid(130010146f33d8e41b49cc3a804d7147) Importer(815301076,1909f56bfc062723c751e8b465ee728b)
Start importing Assets/Images/defaultSkin.PNG using Guid(130010146f33d8e41b49cc3a804d7147) Importer(815301076,1909f56bfc062723c751e8b465ee728b)  -> (artifact id: 'd217c9887ade6160eba021c90e4782fa') in 0.038261 seconds
  Import took 0.040171 seconds .

========================================================================
Received Import Request.
  Time since last request: 0.000206 seconds.
  path: Assets/Images/redSkin.PNG
  artifactKey: Guid(181852db41d77974c8c933676031e8e9) Importer(815301076,1909f56bfc062723c751e8b465ee728b)
Start importing Assets/Images/redSkin.PNG using Guid(181852db41d77974c8c933676031e8e9) Importer(815301076,1909f56bfc062723c751e8b465ee728b)  -> (artifact id: '80f8af5e44045ec019c0870732d31b61') in 0.017167 seconds
  Import took 0.018916 seconds .

========================================================================
Received Import Request.
  Time since last request: 0.003259 seconds.
  path: Assets/Images/redSkin.PNG
  artifactKey: Guid(181852db41d77974c8c933676031e8e9) Importer(815301076,1909f56bfc062723c751e8b465ee728b)
Start importing Assets/Images/redSkin.PNG using Guid(181852db41d77974c8c933676031e8e9) Importer(815301076,1909f56bfc062723c751e8b465ee728b)  -> (artifact id: '80f8af5e44045ec019c0870732d31b61') in 0.015080 seconds
  Import took 0.017119 seconds .

========================================================================
Received Prepare
Registering precompiled user dll's ...
Registered in 0.000690 seconds.
Begin MonoManager ReloadAssembly
Native extension for WindowsStandalone target not found
Refreshing native plugins compatible for Editor in 0.21 ms, found 0 plugins.
Preloading 0 native plugins for Editor in 0.00 ms.
Invoked RoslynAnalysisRunner static constructor.
RoslynAnalysisRunner will not be running.
RoslynAnalysisRunner has terminated.
Mono: successfully reloaded assembly
- Completed reload, in  0.728 seconds
Platform modules already initialized, skipping
Refreshing native plugins compatible for Editor in 0.26 ms, found 0 plugins.
Preloading 0 native plugins for Editor in 0.00 ms.
Unloading 1158 Unused Serialized files (Serialized files now loaded: 0)
System memory in use before: 63.1 MB.
System memory in use after: 62.6 MB.

Unloading 18 unused Assets to reduce memory usage. Loaded Objects now: 1685.
Total: 1.930300 ms (FindLiveObjects: 0.181700 ms CreateObjectMapping: 0.037000 ms MarkObjects: 1.395800 ms  DeleteObjects: 0.314600 ms)

========================================================================
Received Prepare
Registering precompiled user dll's ...
Registered in 0.000785 seconds.
Begin MonoManager ReloadAssembly
Native extension for WindowsStandalone target not found
Refreshing native plugins compatible for Editor in 0.21 ms, found 0 plugins.
Preloading 0 native plugins for Editor in 0.00 ms.
Invoked RoslynAnalysisRunner static constructor.
RoslynAnalysisRunner will not be running.
RoslynAnalysisRunner has terminated.
Mono: successfully reloaded assembly
- Completed reload, in  0.741 seconds
Platform modules already initialized, skipping
Refreshing native plugins compatible for Editor in 0.20 ms, found 0 plugins.
Preloading 0 native plugins for Editor in 0.00 ms.
Unloading 1158 Unused Serialized files (Serialized files now loaded: 0)
System memory in use before: 63.1 MB.
System memory in use after: 62.6 MB.

Unloading 18 unused Assets to reduce memory usage. Loaded Objects now: 1688.
Total: 1.871800 ms (FindLiveObjects: 0.141300 ms CreateObjectMapping: 0.040900 ms MarkObjects: 1.372100 ms  DeleteObjects: 0.316600 ms)

========================================================================
Received Import Request.
  Time since last request: 271.528958 seconds.
  path: Assets/Materials
  artifactKey: Guid(e792599632b29d14b8e7cf50023021f1) Importer(815301076,1909f56bfc062723c751e8b465ee728b)
Start importing Assets/Materials using Guid(e792599632b29d14b8e7cf50023021f1) Importer(815301076,1909f56bfc062723c751e8b465ee728b)  -> (artifact id: 'f9856c173421c771b27b4168f0c2c599') in 0.008229 seconds
  Import took 0.010086 seconds .

========================================================================
Received Prepare
Registering precompiled user dll's ...
Registered in 0.000615 seconds.
Begin MonoManager ReloadAssembly
Native extension for WindowsStandalone target not found
Refreshing native plugins compatible for Editor in 0.21 ms, found 0 plugins.
Preloading 0 native plugins for Editor in 0.00 ms.
Invoked RoslynAnalysisRunner static constructor.
RoslynAnalysisRunner will not be running.
RoslynAnalysisRunner has terminated.
Mono: successfully reloaded assembly
- Completed reload, in  0.720 seconds
Platform modules already initialized, skipping
Refreshing native plugins compatible for Editor in 0.21 ms, found 0 plugins.
Preloading 0 native plugins for Editor in 0.00 ms.
Unloading 1158 Unused Serialized files (Serialized files now loaded: 0)
System memory in use before: 63.1 MB.
System memory in use after: 62.6 MB.

Unloading 18 unused Assets to reduce memory usage. Loaded Objects now: 1691.
Total: 1.773300 ms (FindLiveObjects: 0.155300 ms CreateObjectMapping: 0.042800 ms MarkObjects: 1.266400 ms  DeleteObjects: 0.307900 ms)

========================================================================
Received Prepare
Registering precompiled user dll's ...
Registered in 0.001116 seconds.
Begin MonoManager ReloadAssembly
Native extension for WindowsStandalone target not found
Refreshing native plugins compatible for Editor in 0.21 ms, found 0 plugins.
Preloading 0 native plugins for Editor in 0.00 ms.
Invoked RoslynAnalysisRunner static constructor.
RoslynAnalysisRunner will not be running.
RoslynAnalysisRunner has terminated.
Mono: successfully reloaded assembly
- Completed reload, in  0.720 seconds
Platform modules already initialized, skipping
Refreshing native plugins compatible for Editor in 0.21 ms, found 0 plugins.
Preloading 0 native plugins for Editor in 0.00 ms.
Unloading 1158 Unused Serialized files (Serialized files now loaded: 0)
System memory in use before: 63.1 MB.
System memory in use after: 62.6 MB.

Unloading 18 unused Assets to reduce memory usage. Loaded Objects now: 1694.
Total: 1.739700 ms (FindLiveObjects: 0.145700 ms CreateObjectMapping: 0.040500 ms MarkObjects: 1.251900 ms  DeleteObjects: 0.300800 ms)

========================================================================
Received Import Request.
  Time since last request: 92.603714 seconds.
  path: Assets/Models/Red Skin.prefab
  artifactKey: Guid(d140788cdce8c5643b6934eb0c1a8cd0) Importer(815301076,1909f56bfc062723c751e8b465ee728b)
Start importing Assets/Models/Red Skin.prefab using Guid(d140788cdce8c5643b6934eb0c1a8cd0) Importer(815301076,1909f56bfc062723c751e8b465ee728b)  -> (artifact id: '9ffecd46a4e30bb4cc86817ef010125f') in 0.064236 seconds
  Import took 0.066493 seconds .

========================================================================
Received Import Request.
  Time since last request: 12.271866 seconds.
  path: Assets/New Folder
  artifactKey: Guid(8d88c5d578bdef94a862acb2c7137050) Importer(815301076,1909f56bfc062723c751e8b465ee728b)
Start importing Assets/New Folder using Guid(8d88c5d578bdef94a862acb2c7137050) Importer(815301076,1909f56bfc062723c751e8b465ee728b)  -> (artifact id: 'c5201405170169f4254502519bfa0a3f') in 0.007549 seconds
  Import took 0.009596 seconds .

========================================================================
Received Import Request.
  Time since last request: 7.696666 seconds.
  path: Assets/SkinPanel.prefab
  artifactKey: Guid(bd404910f87e6dd4694fa92023ce23a1) Importer(815301076,1909f56bfc062723c751e8b465ee728b)
Start importing Assets/SkinPanel.prefab using Guid(bd404910f87e6dd4694fa92023ce23a1) Importer(815301076,1909f56bfc062723c751e8b465ee728b)  -> (artifact id: '015960221f6642a2e3b9f9d6070de557') in 0.072315 seconds
  Import took 0.074869 seconds .

========================================================================
Received Import Request.
  Time since last request: 0.000825 seconds.
  path: Assets/SkinPanel.prefab
  artifactKey: Guid(bd404910f87e6dd4694fa92023ce23a1) Importer(815301076,1909f56bfc062723c751e8b465ee728b)
Start importing Assets/SkinPanel.prefab using Guid(bd404910f87e6dd4694fa92023ce23a1) Importer(815301076,1909f56bfc062723c751e8b465ee728b)  -> (artifact id: '015960221f6642a2e3b9f9d6070de557') in 0.027751 seconds
  Import took 0.029763 seconds .

========================================================================
Received Prepare
Registering precompiled user dll's ...
Registered in 0.000626 seconds.
Begin MonoManager ReloadAssembly
Native extension for WindowsStandalone target not found
Refreshing native plugins compatible for Editor in 0.22 ms, found 0 plugins.
Preloading 0 native plugins for Editor in 0.00 ms.
Invoked RoslynAnalysisRunner static constructor.
RoslynAnalysisRunner will not be running.
RoslynAnalysisRunner has terminated.
Mono: successfully reloaded assembly
- Completed reload, in  0.696 seconds
Platform modules already initialized, skipping
Refreshing native plugins compatible for Editor in 0.20 ms, found 0 plugins.
Preloading 0 native plugins for Editor in 0.00 ms.
Unloading 1158 Unused Serialized files (Serialized files now loaded: 0)
System memory in use before: 63.2 MB.
System memory in use after: 62.6 MB.

Unloading 21 unused Assets to reduce memory usage. Loaded Objects now: 1698.
Total: 1.859800 ms (FindLiveObjects: 0.129500 ms CreateObjectMapping: 0.033500 ms MarkObjects: 1.371100 ms  DeleteObjects: 0.324600 ms)

========================================================================
Received Prepare
Registering precompiled user dll's ...
Registered in 0.000876 seconds.
Begin MonoManager ReloadAssembly
Native extension for WindowsStandalone target not found
Refreshing native plugins compatible for Editor in 0.33 ms, found 0 plugins.
Preloading 0 native plugins for Editor in 0.00 ms.
Invoked RoslynAnalysisRunner static constructor.
RoslynAnalysisRunner will not be running.
RoslynAnalysisRunner has terminated.
Mono: successfully reloaded assembly
- Completed reload, in  0.730 seconds
Platform modules already initialized, skipping
Refreshing native plugins compatible for Editor in 0.21 ms, found 0 plugins.
Preloading 0 native plugins for Editor in 0.00 ms.
Unloading 1159 Unused Serialized files (Serialized files now loaded: 0)
System memory in use before: 63.2 MB.
System memory in use after: 62.7 MB.

Unloading 18 unused Assets to reduce memory usage. Loaded Objects now: 1702.
Total: 2.130500 ms (FindLiveObjects: 0.152700 ms CreateObjectMapping: 0.052100 ms MarkObjects: 1.599400 ms  DeleteObjects: 0.325300 ms)

========================================================================
Received Prepare
Registering precompiled user dll's ...
Registered in 0.000714 seconds.
Begin MonoManager ReloadAssembly
Native extension for WindowsStandalone target not found
Refreshing native plugins compatible for Editor in 0.21 ms, found 0 plugins.
Preloading 0 native plugins for Editor in 0.00 ms.
Invoked RoslynAnalysisRunner static constructor.
RoslynAnalysisRunner will not be running.
RoslynAnalysisRunner has terminated.
Mono: successfully reloaded assembly
- Completed reload, in  0.724 seconds
Platform modules already initialized, skipping
Refreshing native plugins compatible for Editor in 0.20 ms, found 0 plugins.
Preloading 0 native plugins for Editor in 0.00 ms.
Unloading 1159 Unused Serialized files (Serialized files now loaded: 0)
System memory in use before: 63.2 MB.
System memory in use after: 62.7 MB.

Unloading 18 unused Assets to reduce memory usage. Loaded Objects now: 1705.
Total: 1.919900 ms (FindLiveObjects: 0.151100 ms CreateObjectMapping: 0.047400 ms MarkObjects: 1.398600 ms  DeleteObjects: 0.322000 ms)

========================================================================
Received Prepare
Registering precompiled user dll's ...
Registered in 0.000633 seconds.
Begin MonoManager ReloadAssembly
Native extension for WindowsStandalone target not found
Refreshing native plugins compatible for Editor in 0.22 ms, found 0 plugins.
Preloading 0 native plugins for Editor in 0.00 ms.
Invoked RoslynAnalysisRunner static constructor.
RoslynAnalysisRunner will not be running.
RoslynAnalysisRunner has terminated.
Mono: successfully reloaded assembly
- Completed reload, in  0.795 seconds
Platform modules already initialized, skipping
Refreshing native plugins compatible for Editor in 0.22 ms, found 0 plugins.
Preloading 0 native plugins for Editor in 0.00 ms.
Unloading 1159 Unused Serialized files (Serialized files now loaded: 0)
System memory in use before: 63.2 MB.
System memory in use after: 62.7 MB.

Unloading 18 unused Assets to reduce memory usage. Loaded Objects now: 1708.
Total: 2.779100 ms (FindLiveObjects: 0.158400 ms CreateObjectMapping: 0.044800 ms MarkObjects: 1.955000 ms  DeleteObjects: 0.619200 ms)

========================================================================
Received Prepare
Registering precompiled user dll's ...
Registered in 0.000696 seconds.
Begin MonoManager ReloadAssembly
Native extension for WindowsStandalone target not found
Refreshing native plugins compatible for Editor in 0.21 ms, found 0 plugins.
Preloading 0 native plugins for Editor in 0.00 ms.
Invoked RoslynAnalysisRunner static constructor.
RoslynAnalysisRunner will not be running.
RoslynAnalysisRunner has terminated.
Mono: successfully reloaded assembly
- Completed reload, in  0.723 seconds
Platform modules already initialized, skipping
Refreshing native plugins compatible for Editor in 0.21 ms, found 0 plugins.
Preloading 0 native plugins for Editor in 0.00 ms.
Unloading 1159 Unused Serialized files (Serialized files now loaded: 0)
System memory in use before: 63.2 MB.
System memory in use after: 62.7 MB.

Unloading 18 unused Assets to reduce memory usage. Loaded Objects now: 1711.
Total: 1.861700 ms (FindLiveObjects: 0.131000 ms CreateObjectMapping: 0.031600 ms MarkObjects: 1.387200 ms  DeleteObjects: 0.311200 ms)

========================================================================
Received Import Request.
  Time since last request: 184.102851 seconds.
  path: Assets/Prefabs
  artifactKey: Guid(e72f8a9bd9933664d922f8205dcc9c8a) Importer(815301076,1909f56bfc062723c751e8b465ee728b)
Start importing Assets/Prefabs using Guid(e72f8a9bd9933664d922f8205dcc9c8a) Importer(815301076,1909f56bfc062723c751e8b465ee728b)  -> (artifact id: '53c6c6e3fde0d2cc68bfb59c3e7e3945') in 0.008533 seconds
  Import took 0.010587 seconds .

========================================================================
Received Import Request.
  Time since last request: 87.657524 seconds.
  path: Assets/Prefabs/Models/Red Skin Variant.prefab
  artifactKey: Guid(5208859c6bd0e9f478e46e651978a48e) Importer(815301076,1909f56bfc062723c751e8b465ee728b)
Start importing Assets/Prefabs/Models/Red Skin Variant.prefab using Guid(5208859c6bd0e9f478e46e651978a48e) Importer(815301076,1909f56bfc062723c751e8b465ee728b)  -> (artifact id: '8086180df3cc62d71d3341fc5967cea0') in 0.058482 seconds
  Import took 0.060551 seconds .

========================================================================
Received Import Request.
  Time since last request: 21.608694 seconds.
  path: Assets/Prefabs/Models/Hat Skin.prefab
  artifactKey: Guid(5208859c6bd0e9f478e46e651978a48e) Importer(815301076,1909f56bfc062723c751e8b465ee728b)
Start importing Assets/Prefabs/Models/Hat Skin.prefab using Guid(5208859c6bd0e9f478e46e651978a48e) Importer(815301076,1909f56bfc062723c751e8b465ee728b)  -> (artifact id: 'ab8b9520f8bf7def5d59135391bd566e') in 0.018064 seconds
  Import took 0.020104 seconds .

========================================================================
Received Import Request.
  Time since last request: 16.024662 seconds.
  path: Assets/Prefabs/Models/Hat Skin.prefab
  artifactKey: Guid(5208859c6bd0e9f478e46e651978a48e) Importer(815301076,1909f56bfc062723c751e8b465ee728b)
Start importing Assets/Prefabs/Models/Hat Skin.prefab using Guid(5208859c6bd0e9f478e46e651978a48e) Importer(815301076,1909f56bfc062723c751e8b465ee728b)  -> (artifact id: '1e2b2e6dfbbcd49c49e584d35fe4352f') in 0.016610 seconds
  Import took 0.018918 seconds .

========================================================================
Received Import Request.
  Time since last request: 0.000260 seconds.
  path: Assets/Prefabs/Models/Red Skin.prefab
  artifactKey: Guid(d140788cdce8c5643b6934eb0c1a8cd0) Importer(815301076,1909f56bfc062723c751e8b465ee728b)
Start importing Assets/Prefabs/Models/Red Skin.prefab using Guid(d140788cdce8c5643b6934eb0c1a8cd0) Importer(815301076,1909f56bfc062723c751e8b465ee728b)  -> (artifact id: '4d176da3caf821009a338badbde32334') in 0.010077 seconds
  Import took 0.012069 seconds .

========================================================================
Received Import Request.
  Time since last request: 30.006095 seconds.
  path: Assets/Prefabs/Models/Hat Skin.prefab
  artifactKey: Guid(5208859c6bd0e9f478e46e651978a48e) Importer(815301076,1909f56bfc062723c751e8b465ee728b)
Start importing Assets/Prefabs/Models/Hat Skin.prefab using Guid(5208859c6bd0e9f478e46e651978a48e) Importer(815301076,1909f56bfc062723c751e8b465ee728b)  -> (artifact id: '09a375867551ed857bb42426169d8e0d') in 0.013411 seconds
  Import took 0.015484 seconds .

========================================================================
Received Import Request.
  Time since last request: 0.004309 seconds.
  path: Assets/Prefabs/Models/Hat Skin.prefab
  artifactKey: Guid(5208859c6bd0e9f478e46e651978a48e) Importer(815301076,1909f56bfc062723c751e8b465ee728b)
Start importing Assets/Prefabs/Models/Hat Skin.prefab using Guid(5208859c6bd0e9f478e46e651978a48e) Importer(815301076,1909f56bfc062723c751e8b465ee728b)  -> (artifact id: '09a375867551ed857bb42426169d8e0d') in 0.008237 seconds
  Import took 0.010082 seconds .

========================================================================
Received Import Request.
  Time since last request: 88.062941 seconds.
  path: Assets/Prefabs/Models/Default Skin Variant.prefab
  artifactKey: Guid(dbda60124fbb85a40812ae39784d625e) Importer(815301076,1909f56bfc062723c751e8b465ee728b)
Start importing Assets/Prefabs/Models/Default Skin Variant.prefab using Guid(dbda60124fbb85a40812ae39784d625e) Importer(815301076,1909f56bfc062723c751e8b465ee728b)  -> (artifact id: 'e682d90d01d9ce48291a397035eafbae') in 0.016552 seconds
  Import took 0.018536 seconds .

========================================================================
Received Import Request.
  Time since last request: 0.002895 seconds.
  path: Assets/Prefabs/Models/Default Skin Variant.prefab
  artifactKey: Guid(dbda60124fbb85a40812ae39784d625e) Importer(815301076,1909f56bfc062723c751e8b465ee728b)
Start importing Assets/Prefabs/Models/Default Skin Variant.prefab using Guid(dbda60124fbb85a40812ae39784d625e) Importer(815301076,1909f56bfc062723c751e8b465ee728b)  -> (artifact id: 'e682d90d01d9ce48291a397035eafbae') in 0.008527 seconds
  Import took 0.010492 seconds .

========================================================================
Received Import Request.
  Time since last request: 7.424038 seconds.
  path: Assets/Prefabs/Models/Hat Skin.prefab
  artifactKey: Guid(dbda60124fbb85a40812ae39784d625e) Importer(815301076,1909f56bfc062723c751e8b465ee728b)
Start importing Assets/Prefabs/Models/Hat Skin.prefab using Guid(dbda60124fbb85a40812ae39784d625e) Importer(815301076,1909f56bfc062723c751e8b465ee728b)  -> (artifact id: '25d227aafed6108f5f741c75f6229470') in 0.010621 seconds
  Import took 0.013165 seconds .

========================================================================
Received Import Request.
  Time since last request: 0.007173 seconds.
  path: Assets/Prefabs/Models/Hat Skin.prefab
  artifactKey: Guid(dbda60124fbb85a40812ae39784d625e) Importer(815301076,1909f56bfc062723c751e8b465ee728b)
Start importing Assets/Prefabs/Models/Hat Skin.prefab using Guid(dbda60124fbb85a40812ae39784d625e) Importer(815301076,1909f56bfc062723c751e8b465ee728b)  -> (artifact id: '25d227aafed6108f5f741c75f6229470') in 0.009243 seconds
  Import took 0.011414 seconds .

========================================================================
Received Import Request.
  Time since last request: 2.677925 seconds.
  path: Assets/Scenes/00.Skin Shop.unity
  artifactKey: Guid(97647f54334014b4ba367bdcfdda165a) Importer(815301076,1909f56bfc062723c751e8b465ee728b)
Start importing Assets/Scenes/00.Skin Shop.unity using Guid(97647f54334014b4ba367bdcfdda165a) Importer(815301076,1909f56bfc062723c751e8b465ee728b)  -> (artifact id: 'f7f77fa148546de547a64161c1c4b917') in 0.006467 seconds
  Import took 0.008307 seconds .

========================================================================
Received Import Request.
  Time since last request: 51.388168 seconds.
  path: Assets/Scenes/01.Level.unity
  artifactKey: Guid(9fc0d4010bbf28b4594072e72b8655ab) Importer(815301076,1909f56bfc062723c751e8b465ee728b)
Start importing Assets/Scenes/01.Level.unity using Guid(9fc0d4010bbf28b4594072e72b8655ab) Importer(815301076,1909f56bfc062723c751e8b465ee728b)  -> (artifact id: '8d9879e46398dace6c2c03c2d75aa067') in 0.007177 seconds
  Import took 0.009168 seconds .

========================================================================
Received Import Request.
  Time since last request: 9.725205 seconds.
  path: Assets/Scenes/00.Skin Shop.unity
  artifactKey: Guid(97647f54334014b4ba367bdcfdda165a) Importer(815301076,1909f56bfc062723c751e8b465ee728b)
Start importing Assets/Scenes/00.Skin Shop.unity using Guid(97647f54334014b4ba367bdcfdda165a) Importer(815301076,1909f56bfc062723c751e8b465ee728b)  -> (artifact id: 'ad2cf3238289c7b03aa21d6c389eb3cc') in 0.004108 seconds
  Import took 0.006216 seconds .

========================================================================
Received Prepare
Registering precompiled user dll's ...
Registered in 0.000780 seconds.
Begin MonoManager ReloadAssembly
Native extension for WindowsStandalone target not found
Refreshing native plugins compatible for Editor in 0.20 ms, found 0 plugins.
Preloading 0 native plugins for Editor in 0.00 ms.
Invoked RoslynAnalysisRunner static constructor.
RoslynAnalysisRunner will not be running.
RoslynAnalysisRunner has terminated.
Mono: successfully reloaded assembly
- Completed reload, in  0.688 seconds
Platform modules already initialized, skipping
Refreshing native plugins compatible for Editor in 0.20 ms, found 0 plugins.
Preloading 0 native plugins for Editor in 0.00 ms.
Unloading 1159 Unused Serialized files (Serialized files now loaded: 0)
System memory in use before: 63.3 MB.
System memory in use after: 62.7 MB.

Unloading 19 unused Assets to reduce memory usage. Loaded Objects now: 1716.
Total: 1.821300 ms (FindLiveObjects: 0.128100 ms CreateObjectMapping: 0.032800 ms MarkObjects: 1.343500 ms  DeleteObjects: 0.315800 ms)

========================================================================
Received Prepare
Registering precompiled user dll's ...
Registered in 0.000656 seconds.
Begin MonoManager ReloadAssembly
Native extension for WindowsStandalone target not found
Refreshing native plugins compatible for Editor in 0.21 ms, found 0 plugins.
Preloading 0 native plugins for Editor in 0.00 ms.
Invoked RoslynAnalysisRunner static constructor.
RoslynAnalysisRunner will not be running.
RoslynAnalysisRunner has terminated.
Mono: successfully reloaded assembly
- Completed reload, in  0.723 seconds
Platform modules already initialized, skipping
Refreshing native plugins compatible for Editor in 0.21 ms, found 0 plugins.
Preloading 0 native plugins for Editor in 0.00 ms.
Unloading 1159 Unused Serialized files (Serialized files now loaded: 0)
System memory in use before: 63.3 MB.
System memory in use after: 62.7 MB.

Unloading 18 unused Assets to reduce memory usage. Loaded Objects now: 1719.
Total: 1.888400 ms (FindLiveObjects: 0.146200 ms CreateObjectMapping: 0.042700 ms MarkObjects: 1.379200 ms  DeleteObjects: 0.319100 ms)

========================================================================
Received Prepare
Registering precompiled user dll's ...
Registered in 0.000683 seconds.
Begin MonoManager ReloadAssembly
Native extension for WindowsStandalone target not found
Refreshing native plugins compatible for Editor in 0.21 ms, found 0 plugins.
Preloading 0 native plugins for Editor in 0.00 ms.
Invoked RoslynAnalysisRunner static constructor.
RoslynAnalysisRunner will not be running.
RoslynAnalysisRunner has terminated.
Mono: successfully reloaded assembly
- Completed reload, in  0.692 seconds
Platform modules already initialized, skipping
Refreshing native plugins compatible for Editor in 0.21 ms, found 0 plugins.
Preloading 0 native plugins for Editor in 0.00 ms.
Unloading 1159 Unused Serialized files (Serialized files now loaded: 0)
System memory in use before: 63.3 MB.
System memory in use after: 62.8 MB.

Unloading 18 unused Assets to reduce memory usage. Loaded Objects now: 1722.
Total: 1.828800 ms (FindLiveObjects: 0.141600 ms CreateObjectMapping: 0.037000 ms MarkObjects: 1.332400 ms  DeleteObjects: 0.316800 ms)

========================================================================
Received Prepare
Registering precompiled user dll's ...
Registered in 0.000707 seconds.
Begin MonoManager ReloadAssembly
Native extension for WindowsStandalone target not found
Refreshing native plugins compatible for Editor in 0.21 ms, found 0 plugins.
Preloading 0 native plugins for Editor in 0.00 ms.
Invoked RoslynAnalysisRunner static constructor.
RoslynAnalysisRunner will not be running.
RoslynAnalysisRunner has terminated.
Mono: successfully reloaded assembly
- Completed reload, in  0.727 seconds
Platform modules already initialized, skipping
Refreshing native plugins compatible for Editor in 0.22 ms, found 0 plugins.
Preloading 0 native plugins for Editor in 0.00 ms.
Unloading 1159 Unused Serialized files (Serialized files now loaded: 0)
System memory in use before: 63.3 MB.
System memory in use after: 62.8 MB.

Unloading 18 unused Assets to reduce memory usage. Loaded Objects now: 1725.
Total: 2.090200 ms (FindLiveObjects: 0.165700 ms CreateObjectMapping: 0.066100 ms MarkObjects: 1.501200 ms  DeleteObjects: 0.356100 ms)

========================================================================
Received Prepare
Registering precompiled user dll's ...
Registered in 0.000650 seconds.
Begin MonoManager ReloadAssembly
Native extension for WindowsStandalone target not found
Refreshing native plugins compatible for Editor in 0.21 ms, found 0 plugins.
Preloading 0 native plugins for Editor in 0.00 ms.
Invoked RoslynAnalysisRunner static constructor.
RoslynAnalysisRunner will not be running.
RoslynAnalysisRunner has terminated.
Mono: successfully reloaded assembly
- Completed reload, in  0.692 seconds
Platform modules already initialized, skipping
Refreshing native plugins compatible for Editor in 0.20 ms, found 0 plugins.
Preloading 0 native plugins for Editor in 0.00 ms.
Unloading 1159 Unused Serialized files (Serialized files now loaded: 0)
System memory in use before: 63.3 MB.
System memory in use after: 62.8 MB.

Unloading 18 unused Assets to reduce memory usage. Loaded Objects now: 1728.
Total: 2.071700 ms (FindLiveObjects: 0.140900 ms CreateObjectMapping: 0.034400 ms MarkObjects: 1.568600 ms  DeleteObjects: 0.326900 ms)

========================================================================
Received Import Request.
  Time since last request: 454.741250 seconds.
  path: Assets/Scenes/00.Skin Shop.unity
  artifactKey: Guid(97647f54334014b4ba367bdcfdda165a) Importer(815301076,1909f56bfc062723c751e8b465ee728b)
Start importing Assets/Scenes/00.Skin Shop.unity using Guid(97647f54334014b4ba367bdcfdda165a) Importer(815301076,1909f56bfc062723c751e8b465ee728b)  -> (artifact id: '1766074d3acbcc2a77c60a02b4d93422') in 0.010320 seconds
  Import took 0.012262 seconds .

========================================================================
Received Import Request.
  Time since last request: 14.662815 seconds.
  path: Assets/Scenes/01.Level.unity
  artifactKey: Guid(9fc0d4010bbf28b4594072e72b8655ab) Importer(815301076,1909f56bfc062723c751e8b465ee728b)
Start importing Assets/Scenes/01.Level.unity using Guid(9fc0d4010bbf28b4594072e72b8655ab) Importer(815301076,1909f56bfc062723c751e8b465ee728b)  -> (artifact id: 'd693ab359cf15307248437ef0197f06a') in 0.003045 seconds
  Import took 0.005135 seconds .

========================================================================
Received Prepare
Registering precompiled user dll's ...
Registered in 0.000639 seconds.
Begin MonoManager ReloadAssembly
Native extension for WindowsStandalone target not found
Refreshing native plugins compatible for Editor in 0.21 ms, found 0 plugins.
Preloading 0 native plugins for Editor in 0.00 ms.
Invoked RoslynAnalysisRunner static constructor.
RoslynAnalysisRunner will not be running.
RoslynAnalysisRunner has terminated.
Mono: successfully reloaded assembly
- Completed reload, in  0.700 seconds
Platform modules already initialized, skipping
Refreshing native plugins compatible for Editor in 0.21 ms, found 0 plugins.
Preloading 0 native plugins for Editor in 0.00 ms.
Unloading 1159 Unused Serialized files (Serialized files now loaded: 0)
System memory in use before: 63.3 MB.
System memory in use after: 62.8 MB.

Unloading 18 unused Assets to reduce memory usage. Loaded Objects now: 1731.
Total: 1.893300 ms (FindLiveObjects: 0.135000 ms CreateObjectMapping: 0.036600 ms MarkObjects: 1.407200 ms  DeleteObjects: 0.313400 ms)

========================================================================
Received Prepare
Registering precompiled user dll's ...
Registered in 0.000707 seconds.
Begin MonoManager ReloadAssembly
Native extension for WindowsStandalone target not found
Refreshing native plugins compatible for Editor in 0.25 ms, found 0 plugins.
Preloading 0 native plugins for Editor in 0.00 ms.
Invoked RoslynAnalysisRunner static constructor.
RoslynAnalysisRunner will not be running.
RoslynAnalysisRunner has terminated.
Mono: successfully reloaded assembly
- Completed reload, in  0.710 seconds
Platform modules already initialized, skipping
Refreshing native plugins compatible for Editor in 0.21 ms, found 0 plugins.
Preloading 0 native plugins for Editor in 0.00 ms.
Unloading 1159 Unused Serialized files (Serialized files now loaded: 0)
System memory in use before: 63.3 MB.
System memory in use after: 62.8 MB.

Unloading 18 unused Assets to reduce memory usage. Loaded Objects now: 1734.
Total: 1.926800 ms (FindLiveObjects: 0.190000 ms CreateObjectMapping: 0.042700 ms MarkObjects: 1.378800 ms  DeleteObjects: 0.314400 ms)

========================================================================
Received Prepare
Registering precompiled user dll's ...
Registered in 0.000692 seconds.
Begin MonoManager ReloadAssembly
Native extension for WindowsStandalone target not found
Refreshing native plugins compatible for Editor in 0.21 ms, found 0 plugins.
Preloading 0 native plugins for Editor in 0.00 ms.
Invoked RoslynAnalysisRunner static constructor.
RoslynAnalysisRunner will not be running.
RoslynAnalysisRunner has terminated.
Mono: successfully reloaded assembly
- Completed reload, in  0.709 seconds
Platform modules already initialized, skipping
Refreshing native plugins compatible for Editor in 0.21 ms, found 0 plugins.
Preloading 0 native plugins for Editor in 0.00 ms.
Unloading 1159 Unused Serialized files (Serialized files now loaded: 0)
System memory in use before: 63.3 MB.
System memory in use after: 62.8 MB.

Unloading 18 unused Assets to reduce memory usage. Loaded Objects now: 1737.
Total: 1.944500 ms (FindLiveObjects: 0.140900 ms CreateObjectMapping: 0.038000 ms MarkObjects: 1.445600 ms  DeleteObjects: 0.319300 ms)

========================================================================
Received Import Request.
  Time since last request: 256.983705 seconds.
  path: Assets/Scenes/01.Level.unity
  artifactKey: Guid(9fc0d4010bbf28b4594072e72b8655ab) Importer(815301076,1909f56bfc062723c751e8b465ee728b)
Start importing Assets/Scenes/01.Level.unity using Guid(9fc0d4010bbf28b4594072e72b8655ab) Importer(815301076,1909f56bfc062723c751e8b465ee728b)  -> (artifact id: 'f2adb66721bc94f1cee9e7d9fcbc982a') in 0.009873 seconds
  Import took 0.011770 seconds .

========================================================================
Received Import Request.
  Time since last request: 41.236225 seconds.
  path: Assets/Prefabs/SkinPanel.prefab
  artifactKey: Guid(bd404910f87e6dd4694fa92023ce23a1) Importer(815301076,1909f56bfc062723c751e8b465ee728b)
Start importing Assets/Prefabs/SkinPanel.prefab using Guid(bd404910f87e6dd4694fa92023ce23a1) Importer(815301076,1909f56bfc062723c751e8b465ee728b)  -> (artifact id: 'b7c6445d33a3bbcaf1e1aba4e0221835') in 0.075239 seconds
  Import took 0.077418 seconds .

========================================================================
Received Import Request.
  Time since last request: 45.569351 seconds.
  path: Assets/Prefabs/Models/Hat Skin.prefab
  artifactKey: Guid(dbda60124fbb85a40812ae39784d625e) Importer(815301076,1909f56bfc062723c751e8b465ee728b)
Start importing Assets/Prefabs/Models/Hat Skin.prefab using Guid(dbda60124fbb85a40812ae39784d625e) Importer(815301076,1909f56bfc062723c751e8b465ee728b)  -> (artifact id: '77cffa2e6924d1340e7d1adab50938a1') in 0.038614 seconds
  Import took 0.040771 seconds .

========================================================================
Received Import Request.
  Time since last request: 6.752790 seconds.
  path: Assets/Prefabs/Models/Hat Skin.prefab
  artifactKey: Guid(dbda60124fbb85a40812ae39784d625e) Importer(815301076,1909f56bfc062723c751e8b465ee728b)
Start importing Assets/Prefabs/Models/Hat Skin.prefab using Guid(dbda60124fbb85a40812ae39784d625e) Importer(815301076,1909f56bfc062723c751e8b465ee728b)  -> (artifact id: '6c48ad8b2fba1a945a681b04744dbf11') in 0.013446 seconds
  Import took 0.015699 seconds .

========================================================================
Received Import Request.
  Time since last request: 7.764844 seconds.
  path: Assets/Scenes/00.Skin Shop.unity
  artifactKey: Guid(97647f54334014b4ba367bdcfdda165a) Importer(815301076,1909f56bfc062723c751e8b465ee728b)
Start importing Assets/Scenes/00.Skin Shop.unity using Guid(97647f54334014b4ba367bdcfdda165a) Importer(815301076,1909f56bfc062723c751e8b465ee728b)  -> (artifact id: '07244b8908d2c2ecef7c45504b8460f5') in 0.006324 seconds
  Import took 0.008157 seconds .

========================================================================
Received Import Request.
  Time since last request: 22.673055 seconds.
  path: Assets/Images/hatSkin.PNG
  artifactKey: Guid(bc3e8b884d459694b9c72d061ba977ed) Importer(815301076,1909f56bfc062723c751e8b465ee728b)
Start importing Assets/Images/hatSkin.PNG using Guid(bc3e8b884d459694b9c72d061ba977ed) Importer(815301076,1909f56bfc062723c751e8b465ee728b)  -> (artifact id: 'a5c54e19ed68dad09aa2ba49de1e57da') in 0.026358 seconds
  Import took 0.028417 seconds .

========================================================================
Received Import Request.
  Time since last request: 5.353233 seconds.
  path: Assets/Images/hatSkin.PNG
  artifactKey: Guid(bc3e8b884d459694b9c72d061ba977ed) Importer(815301076,1909f56bfc062723c751e8b465ee728b)
Start importing Assets/Images/hatSkin.PNG using Guid(bc3e8b884d459694b9c72d061ba977ed) Importer(815301076,1909f56bfc062723c751e8b465ee728b)  -> (artifact id: '360edb3e0ca9c12d4f1e55028b1835e6') in 0.026028 seconds
  Import took 0.028009 seconds .

========================================================================
Received Import Request.
  Time since last request: 25.426369 seconds.
  path: Assets/Scenes/01.Level.unity
  artifactKey: Guid(9fc0d4010bbf28b4594072e72b8655ab) Importer(815301076,1909f56bfc062723c751e8b465ee728b)
Start importing Assets/Scenes/01.Level.unity using Guid(9fc0d4010bbf28b4594072e72b8655ab) Importer(815301076,1909f56bfc062723c751e8b465ee728b)  -> (artifact id: '76cc0cd27ffeb59527a4c6121c88c0f1') in 0.006051 seconds
  Import took 0.007862 seconds .

========================================================================
Received Import Request.
  Time since last request: 0.735799 seconds.
  path: Assets/Scenes/00.Skin Shop.unity
  artifactKey: Guid(97647f54334014b4ba367bdcfdda165a) Importer(815301076,1909f56bfc062723c751e8b465ee728b)
Start importing Assets/Scenes/00.Skin Shop.unity using Guid(97647f54334014b4ba367bdcfdda165a) Importer(815301076,1909f56bfc062723c751e8b465ee728b)  -> (artifact id: '249e47a63cfa48def6d2a439323a4112') in 0.006838 seconds
  Import took 0.008943 seconds .

========================================================================
Received Prepare
Registering precompiled user dll's ...
Registered in 0.000674 seconds.
Begin MonoManager ReloadAssembly
Native extension for WindowsStandalone target not found
Refreshing native plugins compatible for Editor in 0.24 ms, found 0 plugins.
Preloading 0 native plugins for Editor in 0.00 ms.
Invoked RoslynAnalysisRunner static constructor.
RoslynAnalysisRunner will not be running.
RoslynAnalysisRunner has terminated.
Mono: successfully reloaded assembly
- Completed reload, in  0.704 seconds
Platform modules already initialized, skipping
Refreshing native plugins compatible for Editor in 0.20 ms, found 0 plugins.
Preloading 0 native plugins for Editor in 0.00 ms.
Unloading 1159 Unused Serialized files (Serialized files now loaded: 0)
System memory in use before: 63.4 MB.
System memory in use after: 62.9 MB.

Unloading 21 unused Assets to reduce memory usage. Loaded Objects now: 1743.
Total: 1.855300 ms (FindLiveObjects: 0.141800 ms CreateObjectMapping: 0.040100 ms MarkObjects: 1.345400 ms  DeleteObjects: 0.327300 ms)

========================================================================
Received Import Request.
  Time since last request: 100.056228 seconds.
  path: Assets/Materials/NoFriction.physicMaterial
  artifactKey: Guid(90651d54a377aaf40bd40452079a7882) Importer(815301076,1909f56bfc062723c751e8b465ee728b)
Start importing Assets/Materials/NoFriction.physicMaterial using Guid(90651d54a377aaf40bd40452079a7882) Importer(815301076,1909f56bfc062723c751e8b465ee728b)  -> (artifact id: '7371cf83481a6196230ef25af545b449') in 0.016202 seconds
  Import took 0.018124 seconds .

========================================================================
Received Import Request.
  Time since last request: 31.656771 seconds.
  path: Assets/Prefabs/Models/Default Skin.prefab
  artifactKey: Guid(17159311687610f41b872c46ac12683a) Importer(815301076,1909f56bfc062723c751e8b465ee728b)
Start importing Assets/Prefabs/Models/Default Skin.prefab using Guid(17159311687610f41b872c46ac12683a) Importer(815301076,1909f56bfc062723c751e8b465ee728b)  -> (artifact id: '0b687d1e5594b3934bceabc13c8a0c20') in 0.050967 seconds
  Import took 0.053257 seconds .

========================================================================
Received Import Request.
  Time since last request: 0.000215 seconds.
  path: Assets/Prefabs/Models/Hat Skin.prefab
  artifactKey: Guid(dbda60124fbb85a40812ae39784d625e) Importer(815301076,1909f56bfc062723c751e8b465ee728b)
Start importing Assets/Prefabs/Models/Hat Skin.prefab using Guid(dbda60124fbb85a40812ae39784d625e) Importer(815301076,1909f56bfc062723c751e8b465ee728b)  -> (artifact id: '167abefbb256a16afbfc99abf31addc9') in 0.013464 seconds
  Import took 0.015280 seconds .

========================================================================
Received Import Request.
  Time since last request: 0.000255 seconds.
  path: Assets/Prefabs/Models/Red Skin.prefab
  artifactKey: Guid(d140788cdce8c5643b6934eb0c1a8cd0) Importer(815301076,1909f56bfc062723c751e8b465ee728b)
Start importing Assets/Prefabs/Models/Red Skin.prefab using Guid(d140788cdce8c5643b6934eb0c1a8cd0) Importer(815301076,1909f56bfc062723c751e8b465ee728b)  -> (artifact id: '042685fb8827d234397337a9bfc897c2') in 0.008557 seconds
  Import took 0.010503 seconds .

========================================================================
Received Prepare
Registering precompiled user dll's ...
Registered in 0.000642 seconds.
Begin MonoManager ReloadAssembly
Native extension for WindowsStandalone target not found
Refreshing native plugins compatible for Editor in 0.21 ms, found 0 plugins.
Preloading 0 native plugins for Editor in 0.00 ms.
Invoked RoslynAnalysisRunner static constructor.
RoslynAnalysisRunner will not be running.
RoslynAnalysisRunner has terminated.
Mono: successfully reloaded assembly
- Completed reload, in  0.707 seconds
Platform modules already initialized, skipping
Refreshing native plugins compatible for Editor in 0.21 ms, found 0 plugins.
Preloading 0 native plugins for Editor in 0.00 ms.
Unloading 1159 Unused Serialized files (Serialized files now loaded: 0)
System memory in use before: 63.4 MB.
System memory in use after: 62.9 MB.

Unloading 19 unused Assets to reduce memory usage. Loaded Objects now: 1747.
Total: 1.882500 ms (FindLiveObjects: 0.137100 ms CreateObjectMapping: 0.039300 ms MarkObjects: 1.384300 ms  DeleteObjects: 0.321000 ms)

========================================================================
Received Prepare
Registering precompiled user dll's ...
Registered in 0.000691 seconds.
Begin MonoManager ReloadAssembly
Native extension for WindowsStandalone target not found
Refreshing native plugins compatible for Editor in 0.21 ms, found 0 plugins.
Preloading 0 native plugins for Editor in 0.00 ms.
Invoked RoslynAnalysisRunner static constructor.
RoslynAnalysisRunner will not be running.
RoslynAnalysisRunner has terminated.
Mono: successfully reloaded assembly
- Completed reload, in  0.689 seconds
Platform modules already initialized, skipping
Refreshing native plugins compatible for Editor in 0.20 ms, found 0 plugins.
Preloading 0 native plugins for Editor in 0.00 ms.
Unloading 1159 Unused Serialized files (Serialized files now loaded: 0)
System memory in use before: 63.5 MB.
System memory in use after: 63.0 MB.

Unloading 18 unused Assets to reduce memory usage. Loaded Objects now: 1750.
Total: 1.862700 ms (FindLiveObjects: 0.138000 ms CreateObjectMapping: 0.035700 ms MarkObjects: 1.371900 ms  DeleteObjects: 0.315900 ms)

========================================================================
Received Prepare
Registering precompiled user dll's ...
Registered in 0.000668 seconds.
Begin MonoManager ReloadAssembly
Native extension for WindowsStandalone target not found
Refreshing native plugins compatible for Editor in 0.21 ms, found 0 plugins.
Preloading 0 native plugins for Editor in 0.00 ms.
Invoked RoslynAnalysisRunner static constructor.
RoslynAnalysisRunner will not be running.
RoslynAnalysisRunner has terminated.
Mono: successfully reloaded assembly
- Completed reload, in  0.730 seconds
Platform modules already initialized, skipping
Refreshing native plugins compatible for Editor in 0.20 ms, found 0 plugins.
Preloading 0 native plugins for Editor in 0.00 ms.
Unloading 1159 Unused Serialized files (Serialized files now loaded: 0)
System memory in use before: 63.5 MB.
System memory in use after: 63.0 MB.

Unloading 18 unused Assets to reduce memory usage. Loaded Objects now: 1753.
Total: 1.946200 ms (FindLiveObjects: 0.141800 ms CreateObjectMapping: 0.035500 ms MarkObjects: 1.448500 ms  DeleteObjects: 0.319600 ms)

========================================================================
Received Prepare
Registering precompiled user dll's ...
Registered in 0.000660 seconds.
Begin MonoManager ReloadAssembly
Native extension for WindowsStandalone target not found
Refreshing native plugins compatible for Editor in 0.21 ms, found 0 plugins.
Preloading 0 native plugins for Editor in 0.00 ms.
Invoked RoslynAnalysisRunner static constructor.
RoslynAnalysisRunner will not be running.
RoslynAnalysisRunner has terminated.
Mono: successfully reloaded assembly
- Completed reload, in  0.710 seconds
Platform modules already initialized, skipping
Refreshing native plugins compatible for Editor in 0.21 ms, found 0 plugins.
Preloading 0 native plugins for Editor in 0.00 ms.
Unloading 1159 Unused Serialized files (Serialized files now loaded: 0)
System memory in use before: 63.5 MB.
System memory in use after: 63.0 MB.

Unloading 18 unused Assets to reduce memory usage. Loaded Objects now: 1756.
Total: 1.895900 ms (FindLiveObjects: 0.146500 ms CreateObjectMapping: 0.043800 ms MarkObjects: 1.385800 ms  DeleteObjects: 0.318900 ms)

========================================================================
Received Prepare
Registering precompiled user dll's ...
Registered in 0.000665 seconds.
Begin MonoManager ReloadAssembly
Native extension for WindowsStandalone target not found
Refreshing native plugins compatible for Editor in 0.30 ms, found 0 plugins.
Preloading 0 native plugins for Editor in 0.00 ms.
Invoked RoslynAnalysisRunner static constructor.
RoslynAnalysisRunner will not be running.
RoslynAnalysisRunner has terminated.
Mono: successfully reloaded assembly
- Completed reload, in  0.771 seconds
Platform modules already initialized, skipping
Refreshing native plugins compatible for Editor in 0.25 ms, found 0 plugins.
Preloading 0 native plugins for Editor in 0.00 ms.
Unloading 1159 Unused Serialized files (Serialized files now loaded: 0)
System memory in use before: 63.5 MB.
System memory in use after: 63.0 MB.

Unloading 18 unused Assets to reduce memory usage. Loaded Objects now: 1759.
Total: 2.143100 ms (FindLiveObjects: 0.161400 ms CreateObjectMapping: 0.040700 ms MarkObjects: 1.536300 ms  DeleteObjects: 0.403400 ms)

========================================================================
Received Prepare
Registering precompiled user dll's ...
Registered in 0.000637 seconds.
Begin MonoManager ReloadAssembly
Native extension for WindowsStandalone target not found
Refreshing native plugins compatible for Editor in 0.24 ms, found 0 plugins.
Preloading 0 native plugins for Editor in 0.00 ms.
Invoked RoslynAnalysisRunner static constructor.
RoslynAnalysisRunner will not be running.
RoslynAnalysisRunner has terminated.
Mono: successfully reloaded assembly
- Completed reload, in  0.700 seconds
Platform modules already initialized, skipping
Refreshing native plugins compatible for Editor in 0.20 ms, found 0 plugins.
Preloading 0 native plugins for Editor in 0.00 ms.
Unloading 1159 Unused Serialized files (Serialized files now loaded: 0)
System memory in use before: 63.5 MB.
System memory in use after: 63.0 MB.

Unloading 18 unused Assets to reduce memory usage. Loaded Objects now: 1762.
Total: 1.844800 ms (FindLiveObjects: 0.149300 ms CreateObjectMapping: 0.043600 ms MarkObjects: 1.339400 ms  DeleteObjects: 0.311600 ms)

========================================================================
Received Prepare
Registering precompiled user dll's ...
Registered in 0.000655 seconds.
Begin MonoManager ReloadAssembly
Native extension for WindowsStandalone target not found
Refreshing native plugins compatible for Editor in 0.21 ms, found 0 plugins.
Preloading 0 native plugins for Editor in 0.00 ms.
Invoked RoslynAnalysisRunner static constructor.
RoslynAnalysisRunner will not be running.
RoslynAnalysisRunner has terminated.
Mono: successfully reloaded assembly
- Completed reload, in  0.695 seconds
Platform modules already initialized, skipping
Refreshing native plugins compatible for Editor in 0.21 ms, found 0 plugins.
Preloading 0 native plugins for Editor in 0.00 ms.
Unloading 1159 Unused Serialized files (Serialized files now loaded: 0)
System memory in use before: 63.5 MB.
System memory in use after: 63.0 MB.

Unloading 18 unused Assets to reduce memory usage. Loaded Objects now: 1765.
Total: 1.917600 ms (FindLiveObjects: 0.138400 ms CreateObjectMapping: 0.042700 ms MarkObjects: 1.412900 ms  DeleteObjects: 0.322700 ms)

========================================================================
Received Import Request.
  Time since last request: 607.561167 seconds.
  path: Assets/Prefabs/Models/Red Skin.prefab
  artifactKey: Guid(d140788cdce8c5643b6934eb0c1a8cd0) Importer(815301076,1909f56bfc062723c751e8b465ee728b)
Start importing Assets/Prefabs/Models/Red Skin.prefab using Guid(d140788cdce8c5643b6934eb0c1a8cd0) Importer(815301076,1909f56bfc062723c751e8b465ee728b)  -> (artifact id: '3d92fab1213101cdbcc356ea45aaa477') in 0.050793 seconds
  Import took 0.052708 seconds .

========================================================================
Received Prepare
Registering precompiled user dll's ...
Registered in 0.000623 seconds.
Begin MonoManager ReloadAssembly
Native extension for WindowsStandalone target not found
Refreshing native plugins compatible for Editor in 0.24 ms, found 0 plugins.
Preloading 0 native plugins for Editor in 0.00 ms.
Invoked RoslynAnalysisRunner static constructor.
RoslynAnalysisRunner will not be running.
RoslynAnalysisRunner has terminated.
Mono: successfully reloaded assembly
- Completed reload, in  0.701 seconds
Platform modules already initialized, skipping
Refreshing native plugins compatible for Editor in 0.20 ms, found 0 plugins.
Preloading 0 native plugins for Editor in 0.00 ms.
Unloading 1159 Unused Serialized files (Serialized files now loaded: 0)
System memory in use before: 63.5 MB.
System memory in use after: 63.0 MB.

Unloading 19 unused Assets to reduce memory usage. Loaded Objects now: 1769.
Total: 1.833300 ms (FindLiveObjects: 0.131400 ms CreateObjectMapping: 0.039200 ms MarkObjects: 1.358000 ms  DeleteObjects: 0.303800 ms)

========================================================================
Received Prepare
Registering precompiled user dll's ...
Registered in 0.000724 seconds.
Begin MonoManager ReloadAssembly
Native extension for WindowsStandalone target not found
Refreshing native plugins compatible for Editor in 0.20 ms, found 0 plugins.
Preloading 0 native plugins for Editor in 0.00 ms.
Invoked RoslynAnalysisRunner static constructor.
RoslynAnalysisRunner will not be running.
RoslynAnalysisRunner has terminated.
Mono: successfully reloaded assembly
- Completed reload, in  0.766 seconds
Platform modules already initialized, skipping
Refreshing native plugins compatible for Editor in 0.22 ms, found 0 plugins.
Preloading 0 native plugins for Editor in 0.00 ms.
Unloading 1159 Unused Serialized files (Serialized files now loaded: 0)
System memory in use before: 63.5 MB.
System memory in use after: 63.0 MB.

Unloading 18 unused Assets to reduce memory usage. Loaded Objects now: 1772.
Total: 1.844500 ms (FindLiveObjects: 0.160500 ms CreateObjectMapping: 0.047200 ms MarkObjects: 1.297500 ms  DeleteObjects: 0.337400 ms)

========================================================================
Received Prepare
Registering precompiled user dll's ...
Registered in 0.000644 seconds.
Begin MonoManager ReloadAssembly
Native extension for WindowsStandalone target not found
Refreshing native plugins compatible for Editor in 0.21 ms, found 0 plugins.
Preloading 0 native plugins for Editor in 0.00 ms.
Invoked RoslynAnalysisRunner static constructor.
RoslynAnalysisRunner will not be running.
RoslynAnalysisRunner has terminated.
Mono: successfully reloaded assembly
- Completed reload, in  0.744 seconds
Platform modules already initialized, skipping
Refreshing native plugins compatible for Editor in 0.21 ms, found 0 plugins.
Preloading 0 native plugins for Editor in 0.00 ms.
Unloading 1159 Unused Serialized files (Serialized files now loaded: 0)
System memory in use before: 63.5 MB.
System memory in use after: 63.0 MB.

Unloading 18 unused Assets to reduce memory usage. Loaded Objects now: 1775.
Total: 1.997200 ms (FindLiveObjects: 0.150900 ms CreateObjectMapping: 0.045900 ms MarkObjects: 1.463400 ms  DeleteObjects: 0.335900 ms)

AssetImportWorkerClient::OnTransportError - code=2 error=End of file
